{"/Users/dylanboudro/Desktop/sundial.exchange/middleware.ts": {"path":"/Users/dylanboudro/Desktop/sundial.exchange/middleware.ts","statementMap":{"0":{"start":{"line":261,"column":13},"end":{"line":261,"column":19}},"1":{"start":{"line":223,"column":22},"end":{"line":223,"column":32}},"2":{"start":{"line":2,"column":29},"end":{"line":2,"column":null}},"3":{"start":{"line":4,"column":23},"end":{"line":8,"column":null}},"4":{"start":{"line":10,"column":26},"end":{"line":10,"column":null}},"5":{"start":{"line":11,"column":18},"end":{"line":11,"column":null}},"6":{"start":{"line":12,"column":24},"end":{"line":12,"column":null}},"7":{"start":{"line":13,"column":29},"end":{"line":13,"column":null}},"8":{"start":{"line":28,"column":19},"end":{"line":28,"column":null}},"9":{"start":{"line":29,"column":20},"end":{"line":29,"column":null}},"10":{"start":{"line":31,"column":4},"end":{"line":33,"column":null}},"11":{"start":{"line":32,"column":8},"end":{"line":32,"column":null}},"12":{"start":{"line":35,"column":4},"end":{"line":45,"column":null}},"13":{"start":{"line":36,"column":8},"end":{"line":44,"column":null}},"14":{"start":{"line":37,"column":31},"end":{"line":37,"column":null}},"15":{"start":{"line":38,"column":34},"end":{"line":38,"column":78}},"16":{"start":{"line":39,"column":12},"end":{"line":41,"column":null}},"17":{"start":{"line":40,"column":16},"end":{"line":40,"column":null}},"18":{"start":{"line":47,"column":4},"end":{"line":47,"column":null}},"19":{"start":{"line":52,"column":44},"end":{"line":84,"column":null}},"20":{"start":{"line":86,"column":4},"end":{"line":90,"column":null}},"21":{"start":{"line":95,"column":16},"end":{"line":95,"column":null}},"22":{"start":{"line":96,"column":21},"end":{"line":96,"column":64}},"23":{"start":{"line":98,"column":22},"end":{"line":119,"column":null}},"24":{"start":{"line":121,"column":4},"end":{"line":121,"column":null}},"25":{"start":{"line":128,"column":4},"end":{"line":167,"column":null}},"26":{"start":{"line":129,"column":20},"end":{"line":129,"column":null}},"27":{"start":{"line":130,"column":25},"end":{"line":130,"column":68}},"28":{"start":{"line":132,"column":31},"end":{"line":154,"column":null}},"29":{"start":{"line":156,"column":8},"end":{"line":158,"column":null}},"30":{"start":{"line":157,"column":12},"end":{"line":157,"column":null}},"31":{"start":{"line":160,"column":24},"end":{"line":160,"column":null}},"32":{"start":{"line":161,"column":8},"end":{"line":161,"column":null}},"33":{"start":{"line":163,"column":8},"end":{"line":166,"column":null}},"34":{"start":{"line":174,"column":4},"end":{"line":220,"column":null}},"35":{"start":{"line":175,"column":20},"end":{"line":175,"column":null}},"36":{"start":{"line":176,"column":25},"end":{"line":176,"column":68}},"37":{"start":{"line":178,"column":31},"end":{"line":200,"column":null}},"38":{"start":{"line":202,"column":8},"end":{"line":209,"column":null}},"39":{"start":{"line":203,"column":12},"end":{"line":208,"column":null}},"40":{"start":{"line":211,"column":24},"end":{"line":211,"column":null}},"41":{"start":{"line":212,"column":8},"end":{"line":212,"column":null}},"42":{"start":{"line":214,"column":8},"end":{"line":219,"column":null}},"43":{"start":{"line":225,"column":4},"end":{"line":227,"column":null}},"44":{"start":{"line":226,"column":8},"end":{"line":226,"column":null}},"45":{"start":{"line":230,"column":26},"end":{"line":230,"column":null}},"46":{"start":{"line":231,"column":4},"end":{"line":255,"column":null}},"47":{"start":{"line":233,"column":29},"end":{"line":233,"column":null}},"48":{"start":{"line":235,"column":8},"end":{"line":254,"column":null}},"49":{"start":{"line":237,"column":31},"end":{"line":237,"column":null}},"50":{"start":{"line":240,"column":29},"end":{"line":240,"column":null}},"51":{"start":{"line":243,"column":12},"end":{"line":251,"column":null}},"52":{"start":{"line":244,"column":40},"end":{"line":249,"column":null}},"53":{"start":{"line":250,"column":16},"end":{"line":250,"column":null}},"54":{"start":{"line":253,"column":12},"end":{"line":253,"column":null}},"55":{"start":{"line":258,"column":4},"end":{"line":258,"column":null}},"56":{"start":{"line":261,"column":22},"end":{"line":263,"column":null}}},"fnMap":{"0":{"name":"isExemptOrigin","decl":{"start":{"line":27,"column":9},"end":{"line":27,"column":24}},"loc":{"start":{"line":27,"column":44},"end":{"line":48,"column":null}}},"1":{"name":"getOutputSchema","decl":{"start":{"line":50,"column":9},"end":{"line":50,"column":25}},"loc":{"start":{"line":50,"column":41},"end":{"line":92,"column":null}}},"2":{"name":"create402Response","decl":{"start":{"line":94,"column":9},"end":{"line":94,"column":27}},"loc":{"start":{"line":94,"column":47},"end":{"line":122,"column":null}}},"3":{"name":"verifyPayment","decl":{"start":{"line":124,"column":15},"end":{"line":124,"column":null}},"loc":{"start":{"line":126,"column":24},"end":{"line":168,"column":null}}},"4":{"name":"settlePayment","decl":{"start":{"line":170,"column":15},"end":{"line":170,"column":null}},"loc":{"start":{"line":172,"column":24},"end":{"line":221,"column":null}}},"5":{"name":"middleware","decl":{"start":{"line":223,"column":22},"end":{"line":223,"column":32}},"loc":{"start":{"line":223,"column":53},"end":{"line":259,"column":null}}}},"branchMap":{"0":{"loc":{"start":{"line":10,"column":26},"end":{"line":10,"column":null}},"type":"binary-expr","locations":[{"start":{"line":10,"column":26},"end":{"line":10,"column":60}},{"start":{"line":10,"column":64},"end":{"line":10,"column":null}}]},"1":{"loc":{"start":{"line":31,"column":4},"end":{"line":33,"column":null}},"type":"if","locations":[{"start":{"line":31,"column":4},"end":{"line":33,"column":null}}]},"2":{"loc":{"start":{"line":31,"column":8},"end":{"line":31,"column":51}},"type":"binary-expr","locations":[{"start":{"line":31,"column":8},"end":{"line":31,"column":18}},{"start":{"line":31,"column":18},"end":{"line":31,"column":51}}]},"3":{"loc":{"start":{"line":35,"column":4},"end":{"line":45,"column":null}},"type":"if","locations":[{"start":{"line":35,"column":4},"end":{"line":45,"column":null}}]},"4":{"loc":{"start":{"line":39,"column":12},"end":{"line":41,"column":null}},"type":"if","locations":[{"start":{"line":39,"column":12},"end":{"line":41,"column":null}}]},"5":{"loc":{"start":{"line":87,"column":8},"end":{"line":90,"column":null}},"type":"binary-expr","locations":[{"start":{"line":87,"column":8},"end":{"line":87,"column":25}},{"start":{"line":87,"column":29},"end":{"line":90,"column":null}}]},"6":{"loc":{"start":{"line":156,"column":8},"end":{"line":158,"column":null}},"type":"if","locations":[{"start":{"line":156,"column":8},"end":{"line":158,"column":null}}]},"7":{"loc":{"start":{"line":165,"column":27},"end":{"line":165,"column":null}},"type":"cond-expr","locations":[{"start":{"line":165,"column":52},"end":{"line":165,"column":65}},{"start":{"line":165,"column":68},"end":{"line":165,"column":null}}]},"8":{"loc":{"start":{"line":202,"column":8},"end":{"line":209,"column":null}},"type":"if","locations":[{"start":{"line":202,"column":8},"end":{"line":209,"column":null}}]},"9":{"loc":{"start":{"line":216,"column":19},"end":{"line":216,"column":null}},"type":"cond-expr","locations":[{"start":{"line":216,"column":44},"end":{"line":216,"column":57}},{"start":{"line":216,"column":60},"end":{"line":216,"column":null}}]},"10":{"loc":{"start":{"line":225,"column":4},"end":{"line":227,"column":null}},"type":"if","locations":[{"start":{"line":225,"column":4},"end":{"line":227,"column":null}}]},"11":{"loc":{"start":{"line":231,"column":4},"end":{"line":255,"column":null}},"type":"if","locations":[{"start":{"line":231,"column":4},"end":{"line":255,"column":null}}]},"12":{"loc":{"start":{"line":235,"column":8},"end":{"line":254,"column":null}},"type":"if","locations":[{"start":{"line":235,"column":8},"end":{"line":254,"column":null}}]},"13":{"loc":{"start":{"line":243,"column":12},"end":{"line":251,"column":null}},"type":"if","locations":[{"start":{"line":243,"column":12},"end":{"line":251,"column":null}}]},"14":{"loc":{"start":{"line":243,"column":16},"end":{"line":243,"column":55}},"type":"binary-expr","locations":[{"start":{"line":243,"column":16},"end":{"line":243,"column":34}},{"start":{"line":243,"column":38},"end":{"line":243,"column":55}}]},"15":{"loc":{"start":{"line":247,"column":31},"end":{"line":247,"column":null}},"type":"binary-expr","locations":[{"start":{"line":247,"column":31},"end":{"line":247,"column":51}},{"start":{"line":247,"column":55},"end":{"line":247,"column":null}}]}},"s":{"0":0,"1":48,"2":2,"3":2,"4":2,"5":2,"6":2,"7":2,"8":48,"9":48,"10":48,"11":8,"12":40,"13":1,"14":1,"15":1,"16":1,"17":1,"18":39,"19":28,"20":28,"21":28,"22":28,"23":28,"24":28,"25":18,"26":18,"27":18,"28":18,"29":16,"30":1,"31":15,"32":14,"33":3,"34":11,"35":11,"36":11,"37":11,"38":11,"39":0,"40":10,"41":10,"42":1,"43":48,"44":9,"45":39,"46":39,"47":18,"48":18,"49":11,"50":11,"51":11,"52":8,"53":8,"54":11,"55":28,"56":2},"f":{"0":48,"1":28,"2":28,"3":18,"4":11,"5":48},"b":{"0":[2,0],"1":[8],"2":[48,9],"3":[1],"4":[1],"5":[28,3],"6":[1],"7":[2,1],"8":[0],"9":[1,0],"10":[9],"11":[18],"12":[11],"13":[8],"14":[11,8],"15":[8,0]}}
,"/Users/dylanboudro/Desktop/sundial.exchange/app/jsonld.tsx": {"path":"/Users/dylanboudro/Desktop/sundial.exchange/app/jsonld.tsx","statementMap":{"0":{"start":{"line":4,"column":16},"end":{"line":4,"column":null}},"1":{"start":{"line":5,"column":19},"end":{"line":29,"column":null}}},"fnMap":{"0":{"name":"JsonLd","decl":{"start":{"line":4,"column":16},"end":{"line":4,"column":null}},"loc":{"start":{"line":4,"column":16},"end":{"line":37,"column":null}}}},"branchMap":{},"s":{"0":0,"1":0},"f":{"0":0},"b":{}}
,"/Users/dylanboudro/Desktop/sundial.exchange/app/layout.tsx": {"path":"/Users/dylanboudro/Desktop/sundial.exchange/app/layout.tsx","statementMap":{"0":{"start":{"line":97,"column":24},"end":{"line":97,"column":35}},"1":{"start":{"line":15,"column":13},"end":{"line":15,"column":21}},"2":{"start":{"line":1,"column":23},"end":{"line":1,"column":null}},"3":{"start":{"line":2,"column":37},"end":{"line":2,"column":null}},"4":{"start":{"line":3,"column":32},"end":{"line":3,"column":null}},"5":{"start":{"line":4,"column":26},"end":{"line":4,"column":null}},"6":{"start":{"line":5,"column":26},"end":{"line":5,"column":null}},"7":{"start":{"line":6,"column":26},"end":{"line":6,"column":null}},"8":{"start":{"line":8,"column":19},"end":{"line":8,"column":null}},"9":{"start":{"line":10,"column":25},"end":{"line":10,"column":null}},"10":{"start":{"line":11,"column":7},"end":{"line":11,"column":null}},"11":{"start":{"line":12,"column":23},"end":{"line":12,"column":null}},"12":{"start":{"line":15,"column":34},"end":{"line":95,"column":null}}},"fnMap":{"0":{"name":"RootLayout","decl":{"start":{"line":97,"column":24},"end":{"line":97,"column":35}},"loc":{"start":{"line":101,"column":2},"end":{"line":134,"column":1}}}},"branchMap":{},"s":{"0":0,"1":0,"2":0,"3":0,"4":0,"5":0,"6":0,"7":0,"8":0,"9":0,"10":0,"11":0,"12":0},"f":{"0":0},"b":{}}
,"/Users/dylanboudro/Desktop/sundial.exchange/app/old-opengraph-image.tsx": {"path":"/Users/dylanboudro/Desktop/sundial.exchange/app/old-opengraph-image.tsx","statementMap":{"0":{"start":{"line":4,"column":13},"end":{"line":4,"column":16}},"1":{"start":{"line":9,"column":13},"end":{"line":9,"column":24}},"2":{"start":{"line":14,"column":30},"end":{"line":14,"column":null}},"3":{"start":{"line":3,"column":13},"end":{"line":3,"column":20}},"4":{"start":{"line":5,"column":13},"end":{"line":5,"column":17}},"5":{"start":{"line":1,"column":30},"end":{"line":1,"column":null}},"6":{"start":{"line":3,"column":23},"end":{"line":3,"column":null}},"7":{"start":{"line":4,"column":19},"end":{"line":4,"column":null}},"8":{"start":{"line":5,"column":20},"end":{"line":8,"column":null}},"9":{"start":{"line":9,"column":27},"end":{"line":9,"column":null}},"10":{"start":{"line":15,"column":4},"end":{"line":84,"column":null}}},"fnMap":{"0":{"name":"Image","decl":{"start":{"line":14,"column":30},"end":{"line":14,"column":null}},"loc":{"start":{"line":14,"column":30},"end":{"line":86,"column":1}}}},"branchMap":{},"s":{"0":0,"1":0,"2":0,"3":0,"4":0,"5":0,"6":0,"7":0,"8":0,"9":0,"10":0},"f":{"0":0},"b":{}}
,"/Users/dylanboudro/Desktop/sundial.exchange/app/page.tsx": {"path":"/Users/dylanboudro/Desktop/sundial.exchange/app/page.tsx","statementMap":{"0":{"start":{"line":13,"column":24},"end":{"line":13,"column":null}},"1":{"start":{"line":7,"column":13},"end":{"line":7,"column":21}},"2":{"start":{"line":1,"column":23},"end":{"line":1,"column":null}},"3":{"start":{"line":2,"column":25},"end":{"line":2,"column":null}},"4":{"start":{"line":3,"column":26},"end":{"line":3,"column":null}},"5":{"start":{"line":4,"column":31},"end":{"line":4,"column":null}},"6":{"start":{"line":7,"column":34},"end":{"line":11,"column":null}}},"fnMap":{"0":{"name":"Home","decl":{"start":{"line":13,"column":24},"end":{"line":13,"column":null}},"loc":{"start":{"line":13,"column":24},"end":{"line":26,"column":1}}}},"branchMap":{},"s":{"0":0,"1":0,"2":0,"3":0,"4":0,"5":0,"6":0},"f":{"0":0},"b":{}}
,"/Users/dylanboudro/Desktop/sundial.exchange/app/sitemap.ts": {"path":"/Users/dylanboudro/Desktop/sundial.exchange/app/sitemap.ts","statementMap":{"0":{"start":{"line":4,"column":30},"end":{"line":4,"column":null}},"1":{"start":{"line":1,"column":38},"end":{"line":1,"column":null}},"2":{"start":{"line":5,"column":20},"end":{"line":5,"column":null}},"3":{"start":{"line":7,"column":49},"end":{"line":32,"column":null}},"4":{"start":{"line":34,"column":4},"end":{"line":49,"column":null}},"5":{"start":{"line":35,"column":26},"end":{"line":35,"column":null}},"6":{"start":{"line":36,"column":54},"end":{"line":43,"column":null}},"7":{"start":{"line":37,"column":27},"end":{"line":37,"column":35}},"8":{"start":{"line":38,"column":25},"end":{"line":43,"column":null}},"9":{"start":{"line":45,"column":8},"end":{"line":45,"column":null}},"10":{"start":{"line":48,"column":8},"end":{"line":48,"column":null}}},"fnMap":{"0":{"name":"sitemap","decl":{"start":{"line":4,"column":30},"end":{"line":4,"column":null}},"loc":{"start":{"line":4,"column":30},"end":{"line":50,"column":null}}},"1":{"name":"(anonymous_2)","decl":{"start":{"line":37,"column":20},"end":{"line":37,"column":21}},"loc":{"start":{"line":37,"column":27},"end":{"line":37,"column":35}}},"2":{"name":"(anonymous_3)","decl":{"start":{"line":38,"column":17},"end":{"line":38,"column":18}},"loc":{"start":{"line":38,"column":25},"end":{"line":43,"column":null}}}},"branchMap":{"0":{"loc":{"start":{"line":36,"column":55},"end":{"line":36,"column":69}},"type":"binary-expr","locations":[{"start":{"line":36,"column":55},"end":{"line":36,"column":68}},{"start":{"line":36,"column":68},"end":{"line":36,"column":69}}]}},"s":{"0":0,"1":0,"2":0,"3":0,"4":0,"5":0,"6":0,"7":0,"8":0,"9":0,"10":0},"f":{"0":0,"1":0,"2":0},"b":{"0":[0,0]}}
,"/Users/dylanboudro/Desktop/sundial.exchange/app/api/dex/overview/route.ts": {"path":"/Users/dylanboudro/Desktop/sundial.exchange/app/api/dex/overview/route.ts","statementMap":{"0":{"start":{"line":4,"column":22},"end":{"line":4,"column":null}},"1":{"start":{"line":1,"column":59},"end":{"line":1,"column":null}},"2":{"start":{"line":2,"column":29},"end":{"line":2,"column":null}},"3":{"start":{"line":5,"column":4},"end":{"line":22,"column":null}},"4":{"start":{"line":6,"column":37},"end":{"line":9,"column":null}},"5":{"start":{"line":11,"column":8},"end":{"line":18,"column":null}},"6":{"start":{"line":21,"column":8},"end":{"line":21,"column":null}}},"fnMap":{"0":{"name":"GET","decl":{"start":{"line":4,"column":22},"end":{"line":4,"column":null}},"loc":{"start":{"line":4,"column":22},"end":{"line":23,"column":null}}}},"branchMap":{},"s":{"0":0,"1":0,"2":0,"3":0,"4":0,"5":0,"6":0},"f":{"0":0},"b":{}}
,"/Users/dylanboudro/Desktop/sundial.exchange/app/api/dex/protocol/[slug]/route.ts": {"path":"/Users/dylanboudro/Desktop/sundial.exchange/app/api/dex/protocol/[slug]/route.ts","statementMap":{"0":{"start":{"line":4,"column":22},"end":{"line":4,"column":null}},"1":{"start":{"line":1,"column":38},"end":{"line":1,"column":null}},"2":{"start":{"line":2,"column":29},"end":{"line":2,"column":null}},"3":{"start":{"line":8,"column":17},"end":{"line":8,"column":36}},"4":{"start":{"line":9,"column":4},"end":{"line":11,"column":null}},"5":{"start":{"line":10,"column":8},"end":{"line":10,"column":null}},"6":{"start":{"line":13,"column":4},"end":{"line":23,"column":null}},"7":{"start":{"line":14,"column":21},"end":{"line":14,"column":null}},"8":{"start":{"line":15,"column":8},"end":{"line":20,"column":null}},"9":{"start":{"line":22,"column":8},"end":{"line":22,"column":null}}},"fnMap":{"0":{"name":"GET","decl":{"start":{"line":4,"column":22},"end":{"line":4,"column":null}},"loc":{"start":{"line":6,"column":41},"end":{"line":24,"column":null}}}},"branchMap":{"0":{"loc":{"start":{"line":9,"column":4},"end":{"line":11,"column":null}},"type":"if","locations":[{"start":{"line":9,"column":4},"end":{"line":11,"column":null}}]},"1":{"loc":{"start":{"line":9,"column":8},"end":{"line":9,"column":43}},"type":"binary-expr","locations":[{"start":{"line":9,"column":8},"end":{"line":9,"column":17}},{"start":{"line":9,"column":17},"end":{"line":9,"column":43}}]}},"s":{"0":0,"1":0,"2":0,"3":0,"4":0,"5":0,"6":0,"7":0,"8":0,"9":0},"f":{"0":0},"b":{"0":[0],"1":[0,0]}}
,"/Users/dylanboudro/Desktop/sundial.exchange/app/api/stats/route.ts": {"path":"/Users/dylanboudro/Desktop/sundial.exchange/app/api/stats/route.ts","statementMap":{"0":{"start":{"line":20,"column":22},"end":{"line":20,"column":null}},"1":{"start":{"line":1,"column":29},"end":{"line":1,"column":null}},"2":{"start":{"line":21,"column":25},"end":{"line":21,"column":51}},"3":{"start":{"line":22,"column":25},"end":{"line":24,"column":null}},"4":{"start":{"line":26,"column":23},"end":{"line":48,"column":null}},"5":{"start":{"line":27,"column":8},"end":{"line":47,"column":null}},"6":{"start":{"line":28,"column":24},"end":{"line":38,"column":null}},"7":{"start":{"line":39,"column":12},"end":{"line":39,"column":null}},"8":{"start":{"line":39,"column":25},"end":{"line":39,"column":null}},"9":{"start":{"line":40,"column":26},"end":{"line":40,"column":null}},"10":{"start":{"line":41,"column":27},"end":{"line":41,"column":43}},"11":{"start":{"line":42,"column":12},"end":{"line":42,"column":null}},"12":{"start":{"line":42,"column":57},"end":{"line":42,"column":null}},"13":{"start":{"line":43,"column":24},"end":{"line":43,"column":72}},"14":{"start":{"line":44,"column":12},"end":{"line":44,"column":null}},"15":{"start":{"line":46,"column":12},"end":{"line":46,"column":null}},"16":{"start":{"line":50,"column":28},"end":{"line":65,"column":null}},"17":{"start":{"line":51,"column":8},"end":{"line":64,"column":null}},"18":{"start":{"line":52,"column":24},"end":{"line":54,"column":null}},"19":{"start":{"line":56,"column":12},"end":{"line":56,"column":null}},"20":{"start":{"line":56,"column":25},"end":{"line":56,"column":null}},"21":{"start":{"line":57,"column":26},"end":{"line":57,"column":null}},"22":{"start":{"line":60,"column":26},"end":{"line":60,"column":null}},"23":{"start":{"line":61,"column":12},"end":{"line":61,"column":null}},"24":{"start":{"line":63,"column":12},"end":{"line":63,"column":null}},"25":{"start":{"line":67,"column":34},"end":{"line":84,"column":null}},"26":{"start":{"line":68,"column":8},"end":{"line":83,"column":null}},"27":{"start":{"line":69,"column":27},"end":{"line":69,"column":null}},"28":{"start":{"line":70,"column":24},"end":{"line":70,"column":null}},"29":{"start":{"line":71,"column":24},"end":{"line":73,"column":null}},"30":{"start":{"line":75,"column":12},"end":{"line":75,"column":null}},"31":{"start":{"line":75,"column":25},"end":{"line":75,"column":null}},"32":{"start":{"line":76,"column":26},"end":{"line":76,"column":null}},"33":{"start":{"line":79,"column":26},"end":{"line":79,"column":null}},"34":{"start":{"line":80,"column":12},"end":{"line":80,"column":null}},"35":{"start":{"line":82,"column":12},"end":{"line":82,"column":null}},"36":{"start":{"line":86,"column":23},"end":{"line":96,"column":null}},"37":{"start":{"line":87,"column":8},"end":{"line":95,"column":null}},"38":{"start":{"line":88,"column":24},"end":{"line":88,"column":null}},"39":{"start":{"line":89,"column":12},"end":{"line":89,"column":null}},"40":{"start":{"line":89,"column":25},"end":{"line":89,"column":null}},"41":{"start":{"line":90,"column":28},"end":{"line":90,"column":null}},"42":{"start":{"line":91,"column":24},"end":{"line":91,"column":null}},"43":{"start":{"line":91,"column":43},"end":{"line":91,"column":null}},"44":{"start":{"line":92,"column":12},"end":{"line":92,"column":null}},"45":{"start":{"line":94,"column":12},"end":{"line":94,"column":null}},"46":{"start":{"line":98,"column":26},"end":{"line":109,"column":null}},"47":{"start":{"line":99,"column":8},"end":{"line":108,"column":null}},"48":{"start":{"line":101,"column":16},"end":{"line":101,"column":null}},"49":{"start":{"line":102,"column":24},"end":{"line":102,"column":null}},"50":{"start":{"line":103,"column":12},"end":{"line":103,"column":null}},"51":{"start":{"line":103,"column":25},"end":{"line":103,"column":null}},"52":{"start":{"line":104,"column":26},"end":{"line":104,"column":null}},"53":{"start":{"line":105,"column":12},"end":{"line":105,"column":null}},"54":{"start":{"line":107,"column":12},"end":{"line":107,"column":null}},"55":{"start":{"line":111,"column":30},"end":{"line":125,"column":null}},"56":{"start":{"line":112,"column":8},"end":{"line":124,"column":null}},"57":{"start":{"line":113,"column":24},"end":{"line":113,"column":null}},"58":{"start":{"line":114,"column":12},"end":{"line":114,"column":null}},"59":{"start":{"line":114,"column":25},"end":{"line":114,"column":null}},"60":{"start":{"line":115,"column":25},"end":{"line":115,"column":null}},"61":{"start":{"line":116,"column":12},"end":{"line":116,"column":null}},"62":{"start":{"line":116,"column":55},"end":{"line":116,"column":null}},"63":{"start":{"line":117,"column":25},"end":{"line":117,"column":null}},"64":{"start":{"line":118,"column":25},"end":{"line":118,"column":null}},"65":{"start":{"line":119,"column":12},"end":{"line":119,"column":null}},"66":{"start":{"line":119,"column":84},"end":{"line":119,"column":null}},"67":{"start":{"line":120,"column":27},"end":{"line":120,"column":null}},"68":{"start":{"line":121,"column":12},"end":{"line":121,"column":null}},"69":{"start":{"line":123,"column":12},"end":{"line":123,"column":null}},"70":{"start":{"line":127,"column":33},"end":{"line":144,"column":null}},"71":{"start":{"line":128,"column":8},"end":{"line":143,"column":null}},"72":{"start":{"line":130,"column":16},"end":{"line":130,"column":null}},"73":{"start":{"line":131,"column":24},"end":{"line":131,"column":null}},"74":{"start":{"line":132,"column":12},"end":{"line":132,"column":null}},"75":{"start":{"line":132,"column":25},"end":{"line":132,"column":null}},"76":{"start":{"line":133,"column":26},"end":{"line":133,"column":null}},"77":{"start":{"line":134,"column":26},"end":{"line":134,"column":45}},"78":{"start":{"line":135,"column":12},"end":{"line":135,"column":null}},"79":{"start":{"line":135,"column":59},"end":{"line":135,"column":null}},"80":{"start":{"line":136,"column":25},"end":{"line":136,"column":53}},"81":{"start":{"line":137,"column":25},"end":{"line":137,"column":53}},"82":{"start":{"line":138,"column":12},"end":{"line":138,"column":null}},"83":{"start":{"line":138,"column":84},"end":{"line":138,"column":null}},"84":{"start":{"line":139,"column":27},"end":{"line":139,"column":null}},"85":{"start":{"line":140,"column":12},"end":{"line":140,"column":null}},"86":{"start":{"line":142,"column":12},"end":{"line":142,"column":null}},"87":{"start":{"line":146,"column":106},"end":{"line":154,"column":null}},"88":{"start":{"line":156,"column":41},"end":{"line":156,"column":null}},"89":{"start":{"line":157,"column":4},"end":{"line":159,"column":null}},"90":{"start":{"line":158,"column":8},"end":{"line":158,"column":null}},"91":{"start":{"line":161,"column":36},"end":{"line":170,"column":null}},"92":{"start":{"line":172,"column":4},"end":{"line":177,"column":null}}},"fnMap":{"0":{"name":"GET","decl":{"start":{"line":20,"column":22},"end":{"line":20,"column":null}},"loc":{"start":{"line":20,"column":22},"end":{"line":178,"column":null}}},"1":{"name":"(anonymous_2)","decl":{"start":{"line":26,"column":24},"end":{"line":26,"column":null}},"loc":{"start":{"line":26,"column":24},"end":{"line":48,"column":null}}},"2":{"name":"(anonymous_3)","decl":{"start":{"line":50,"column":29},"end":{"line":50,"column":null}},"loc":{"start":{"line":50,"column":29},"end":{"line":65,"column":null}}},"3":{"name":"(anonymous_4)","decl":{"start":{"line":67,"column":35},"end":{"line":67,"column":null}},"loc":{"start":{"line":67,"column":35},"end":{"line":84,"column":null}}},"4":{"name":"(anonymous_5)","decl":{"start":{"line":86,"column":24},"end":{"line":86,"column":null}},"loc":{"start":{"line":86,"column":24},"end":{"line":96,"column":null}}},"5":{"name":"(anonymous_6)","decl":{"start":{"line":91,"column":36},"end":{"line":91,"column":37}},"loc":{"start":{"line":91,"column":43},"end":{"line":91,"column":null}}},"6":{"name":"(anonymous_7)","decl":{"start":{"line":98,"column":27},"end":{"line":98,"column":null}},"loc":{"start":{"line":98,"column":27},"end":{"line":109,"column":null}}},"7":{"name":"(anonymous_8)","decl":{"start":{"line":111,"column":31},"end":{"line":111,"column":null}},"loc":{"start":{"line":111,"column":31},"end":{"line":125,"column":null}}},"8":{"name":"(anonymous_9)","decl":{"start":{"line":127,"column":34},"end":{"line":127,"column":null}},"loc":{"start":{"line":127,"column":34},"end":{"line":144,"column":null}}}},"branchMap":{"0":{"loc":{"start":{"line":22,"column":25},"end":{"line":24,"column":null}},"type":"cond-expr","locations":[{"start":{"line":23,"column":10},"end":{"line":23,"column":67}},{"start":{"line":24,"column":10},"end":{"line":24,"column":null}}]},"1":{"loc":{"start":{"line":39,"column":12},"end":{"line":39,"column":null}},"type":"if","locations":[{"start":{"line":39,"column":12},"end":{"line":39,"column":null}}]},"2":{"loc":{"start":{"line":42,"column":12},"end":{"line":42,"column":null}},"type":"if","locations":[{"start":{"line":42,"column":12},"end":{"line":42,"column":null}}]},"3":{"loc":{"start":{"line":42,"column":16},"end":{"line":42,"column":57}},"type":"binary-expr","locations":[{"start":{"line":42,"column":16},"end":{"line":42,"column":27}},{"start":{"line":42,"column":27},"end":{"line":42,"column":57}}]},"4":{"loc":{"start":{"line":56,"column":12},"end":{"line":56,"column":null}},"type":"if","locations":[{"start":{"line":56,"column":12},"end":{"line":56,"column":null}}]},"5":{"loc":{"start":{"line":61,"column":19},"end":{"line":61,"column":null}},"type":"cond-expr","locations":[{"start":{"line":61,"column":47},"end":{"line":61,"column":55}},{"start":{"line":61,"column":55},"end":{"line":61,"column":null}}]},"6":{"loc":{"start":{"line":75,"column":12},"end":{"line":75,"column":null}},"type":"if","locations":[{"start":{"line":75,"column":12},"end":{"line":75,"column":null}}]},"7":{"loc":{"start":{"line":80,"column":19},"end":{"line":80,"column":null}},"type":"cond-expr","locations":[{"start":{"line":80,"column":47},"end":{"line":80,"column":55}},{"start":{"line":80,"column":55},"end":{"line":80,"column":null}}]},"8":{"loc":{"start":{"line":89,"column":12},"end":{"line":89,"column":null}},"type":"if","locations":[{"start":{"line":89,"column":12},"end":{"line":89,"column":null}}]},"9":{"loc":{"start":{"line":92,"column":19},"end":{"line":92,"column":null}},"type":"cond-expr","locations":[{"start":{"line":92,"column":50},"end":{"line":92,"column":57}},{"start":{"line":92,"column":60},"end":{"line":92,"column":null}}]},"10":{"loc":{"start":{"line":103,"column":12},"end":{"line":103,"column":null}},"type":"if","locations":[{"start":{"line":103,"column":12},"end":{"line":103,"column":null}}]},"11":{"loc":{"start":{"line":105,"column":19},"end":{"line":105,"column":null}},"type":"cond-expr","locations":[{"start":{"line":105,"column":55},"end":{"line":105,"column":68}},{"start":{"line":105,"column":71},"end":{"line":105,"column":null}}]},"12":{"loc":{"start":{"line":114,"column":12},"end":{"line":114,"column":null}},"type":"if","locations":[{"start":{"line":114,"column":12},"end":{"line":114,"column":null}}]},"13":{"loc":{"start":{"line":116,"column":12},"end":{"line":116,"column":null}},"type":"if","locations":[{"start":{"line":116,"column":12},"end":{"line":116,"column":null}}]},"14":{"loc":{"start":{"line":116,"column":16},"end":{"line":116,"column":55}},"type":"binary-expr","locations":[{"start":{"line":116,"column":16},"end":{"line":116,"column":39}},{"start":{"line":116,"column":39},"end":{"line":116,"column":55}}]},"15":{"loc":{"start":{"line":119,"column":12},"end":{"line":119,"column":null}},"type":"if","locations":[{"start":{"line":119,"column":12},"end":{"line":119,"column":null}}]},"16":{"loc":{"start":{"line":119,"column":16},"end":{"line":119,"column":84}},"type":"binary-expr","locations":[{"start":{"line":119,"column":16},"end":{"line":119,"column":44}},{"start":{"line":119,"column":44},"end":{"line":119,"column":72}},{"start":{"line":119,"column":72},"end":{"line":119,"column":84}}]},"17":{"loc":{"start":{"line":121,"column":19},"end":{"line":121,"column":null}},"type":"cond-expr","locations":[{"start":{"line":121,"column":45},"end":{"line":121,"column":54}},{"start":{"line":121,"column":54},"end":{"line":121,"column":null}}]},"18":{"loc":{"start":{"line":132,"column":12},"end":{"line":132,"column":null}},"type":"if","locations":[{"start":{"line":132,"column":12},"end":{"line":132,"column":null}}]},"19":{"loc":{"start":{"line":135,"column":12},"end":{"line":135,"column":null}},"type":"if","locations":[{"start":{"line":135,"column":12},"end":{"line":135,"column":null}}]},"20":{"loc":{"start":{"line":135,"column":16},"end":{"line":135,"column":59}},"type":"binary-expr","locations":[{"start":{"line":135,"column":16},"end":{"line":135,"column":41}},{"start":{"line":135,"column":41},"end":{"line":135,"column":59}}]},"21":{"loc":{"start":{"line":138,"column":12},"end":{"line":138,"column":null}},"type":"if","locations":[{"start":{"line":138,"column":12},"end":{"line":138,"column":null}}]},"22":{"loc":{"start":{"line":138,"column":16},"end":{"line":138,"column":84}},"type":"binary-expr","locations":[{"start":{"line":138,"column":16},"end":{"line":138,"column":44}},{"start":{"line":138,"column":44},"end":{"line":138,"column":72}},{"start":{"line":138,"column":72},"end":{"line":138,"column":84}}]},"23":{"loc":{"start":{"line":140,"column":19},"end":{"line":140,"column":null}},"type":"cond-expr","locations":[{"start":{"line":140,"column":45},"end":{"line":140,"column":54}},{"start":{"line":140,"column":54},"end":{"line":140,"column":null}}]},"24":{"loc":{"start":{"line":157,"column":4},"end":{"line":159,"column":null}},"type":"if","locations":[{"start":{"line":157,"column":4},"end":{"line":159,"column":null}}]},"25":{"loc":{"start":{"line":157,"column":8},"end":{"line":157,"column":103}},"type":"binary-expr","locations":[{"start":{"line":157,"column":8},"end":{"line":157,"column":43}},{"start":{"line":157,"column":43},"end":{"line":157,"column":81}},{"start":{"line":157,"column":81},"end":{"line":157,"column":103}}]},"26":{"loc":{"start":{"line":166,"column":25},"end":{"line":166,"column":null}},"type":"cond-expr","locations":[{"start":{"line":166,"column":52},"end":{"line":166,"column":100}},{"start":{"line":166,"column":100},"end":{"line":166,"column":null}}]},"27":{"loc":{"start":{"line":167,"column":25},"end":{"line":167,"column":null}},"type":"cond-expr","locations":[{"start":{"line":167,"column":63},"end":{"line":167,"column":111}},{"start":{"line":167,"column":111},"end":{"line":167,"column":null}}]},"28":{"loc":{"start":{"line":169,"column":12},"end":{"line":169,"column":null}},"type":"cond-expr","locations":[{"start":{"line":169,"column":53},"end":{"line":169,"column":104}},{"start":{"line":169,"column":104},"end":{"line":169,"column":null}}]}},"s":{"0":0,"1":0,"2":0,"3":0,"4":0,"5":0,"6":0,"7":0,"8":0,"9":0,"10":0,"11":0,"12":0,"13":0,"14":0,"15":0,"16":0,"17":0,"18":0,"19":0,"20":0,"21":0,"22":0,"23":0,"24":0,"25":0,"26":0,"27":0,"28":0,"29":0,"30":0,"31":0,"32":0,"33":0,"34":0,"35":0,"36":0,"37":0,"38":0,"39":0,"40":0,"41":0,"42":0,"43":0,"44":0,"45":0,"46":0,"47":0,"48":0,"49":0,"50":0,"51":0,"52":0,"53":0,"54":0,"55":0,"56":0,"57":0,"58":0,"59":0,"60":0,"61":0,"62":0,"63":0,"64":0,"65":0,"66":0,"67":0,"68":0,"69":0,"70":0,"71":0,"72":0,"73":0,"74":0,"75":0,"76":0,"77":0,"78":0,"79":0,"80":0,"81":0,"82":0,"83":0,"84":0,"85":0,"86":0,"87":0,"88":0,"89":0,"90":0,"91":0,"92":0},"f":{"0":0,"1":0,"2":0,"3":0,"4":0,"5":0,"6":0,"7":0,"8":0},"b":{"0":[0,0],"1":[0],"2":[0],"3":[0,0],"4":[0],"5":[0,0],"6":[0],"7":[0,0],"8":[0],"9":[0,0],"10":[0],"11":[0,0],"12":[0],"13":[0],"14":[0,0],"15":[0],"16":[0,0,0],"17":[0,0],"18":[0],"19":[0],"20":[0,0],"21":[0],"22":[0,0,0],"23":[0,0],"24":[0],"25":[0,0,0],"26":[0,0],"27":[0,0],"28":[0,0]}}
,"/Users/dylanboudro/Desktop/sundial.exchange/app/api/swap-log/route.ts": {"path":"/Users/dylanboudro/Desktop/sundial.exchange/app/api/swap-log/route.ts","statementMap":{"0":{"start":{"line":3,"column":22},"end":{"line":3,"column":27}},"1":{"start":{"line":1,"column":29},"end":{"line":1,"column":null}},"2":{"start":{"line":5,"column":4},"end":{"line":9,"column":null}},"3":{"start":{"line":6,"column":8},"end":{"line":6,"column":null}},"4":{"start":{"line":8,"column":8},"end":{"line":8,"column":null}},"5":{"start":{"line":11,"column":18},"end":{"line":15,"column":null}},"6":{"start":{"line":18,"column":4},"end":{"line":18,"column":null}},"7":{"start":{"line":20,"column":4},"end":{"line":23,"column":null}}},"fnMap":{"0":{"name":"POST","decl":{"start":{"line":3,"column":22},"end":{"line":3,"column":27}},"loc":{"start":{"line":3,"column":39},"end":{"line":24,"column":null}}}},"branchMap":{},"s":{"0":0,"1":0,"2":0,"3":0,"4":0,"5":0,"6":0,"7":0},"f":{"0":0},"b":{}}
,"/Users/dylanboudro/Desktop/sundial.exchange/app/api/trending/route.ts": {"path":"/Users/dylanboudro/Desktop/sundial.exchange/app/api/trending/route.ts","statementMap":{"0":{"start":{"line":4,"column":22},"end":{"line":4,"column":26}},"1":{"start":{"line":1,"column":40},"end":{"line":1,"column":null}},"2":{"start":{"line":2,"column":29},"end":{"line":2,"column":null}},"3":{"start":{"line":5,"column":29},"end":{"line":5,"column":null}},"4":{"start":{"line":6,"column":23},"end":{"line":6,"column":null}},"5":{"start":{"line":7,"column":18},"end":{"line":7,"column":null}},"6":{"start":{"line":9,"column":4},"end":{"line":18,"column":null}},"7":{"start":{"line":10,"column":21},"end":{"line":10,"column":null}},"8":{"start":{"line":11,"column":8},"end":{"line":15,"column":null}},"9":{"start":{"line":17,"column":8},"end":{"line":17,"column":null}}},"fnMap":{"0":{"name":"GET","decl":{"start":{"line":4,"column":22},"end":{"line":4,"column":26}},"loc":{"start":{"line":4,"column":42},"end":{"line":19,"column":null}}}},"branchMap":{"0":{"loc":{"start":{"line":6,"column":30},"end":{"line":6,"column":null}},"type":"binary-expr","locations":[{"start":{"line":6,"column":30},"end":{"line":6,"column":59}},{"start":{"line":6,"column":59},"end":{"line":6,"column":null}}]},"1":{"loc":{"start":{"line":7,"column":18},"end":{"line":7,"column":null}},"type":"cond-expr","locations":[{"start":{"line":7,"column":66},"end":{"line":7,"column":91}},{"start":{"line":7,"column":91},"end":{"line":7,"column":null}}]},"2":{"loc":{"start":{"line":7,"column":18},"end":{"line":7,"column":66}},"type":"binary-expr","locations":[{"start":{"line":7,"column":18},"end":{"line":7,"column":49}},{"start":{"line":7,"column":49},"end":{"line":7,"column":66}}]}},"s":{"0":0,"1":0,"2":0,"3":0,"4":0,"5":0,"6":0,"7":0,"8":0,"9":0},"f":{"0":0},"b":{"0":[0,0],"1":[0,0],"2":[0,0]}}
,"/Users/dylanboudro/Desktop/sundial.exchange/app/dex-analytics/layout.tsx": {"path":"/Users/dylanboudro/Desktop/sundial.exchange/app/dex-analytics/layout.tsx","statementMap":{"0":{"start":{"line":51,"column":24},"end":{"line":51,"column":43}},"1":{"start":{"line":4,"column":13},"end":{"line":4,"column":21}},"2":{"start":{"line":2,"column":23},"end":{"line":2,"column":null}},"3":{"start":{"line":4,"column":34},"end":{"line":49,"column":null}}},"fnMap":{"0":{"name":"DexAnalyticsLayout","decl":{"start":{"line":51,"column":24},"end":{"line":51,"column":43}},"loc":{"start":{"line":51,"column":86},"end":{"line":58,"column":1}}}},"branchMap":{},"s":{"0":0,"1":0,"2":0,"3":0},"f":{"0":0},"b":{}}
,"/Users/dylanboudro/Desktop/sundial.exchange/app/dex-analytics/page.tsx": {"path":"/Users/dylanboudro/Desktop/sundial.exchange/app/dex-analytics/page.tsx","statementMap":{"0":{"start":{"line":14,"column":24},"end":{"line":14,"column":null}},"1":{"start":{"line":3,"column":23},"end":{"line":3,"column":null}},"2":{"start":{"line":4,"column":74},"end":{"line":4,"column":null}},"3":{"start":{"line":5,"column":25},"end":{"line":5,"column":null}},"4":{"start":{"line":6,"column":78},"end":{"line":6,"column":null}},"5":{"start":{"line":8,"column":23},"end":{"line":8,"column":null}},"6":{"start":{"line":9,"column":64},"end":{"line":9,"column":null}},"7":{"start":{"line":10,"column":26},"end":{"line":10,"column":null}},"8":{"start":{"line":11,"column":36},"end":{"line":11,"column":null}},"9":{"start":{"line":12,"column":91},"end":{"line":12,"column":null}},"10":{"start":{"line":15,"column":17},"end":{"line":15,"column":null}},"11":{"start":{"line":16,"column":38},"end":{"line":16,"column":null}},"12":{"start":{"line":17,"column":36},"end":{"line":17,"column":null}},"13":{"start":{"line":18,"column":32},"end":{"line":18,"column":null}},"14":{"start":{"line":20,"column":2},"end":{"line":22,"column":null}},"15":{"start":{"line":21,"column":4},"end":{"line":21,"column":null}},"16":{"start":{"line":25,"column":4},"end":{"line":25,"column":null}},"17":{"start":{"line":26,"column":4},"end":{"line":39,"column":null}},"18":{"start":{"line":27,"column":18},"end":{"line":27,"column":null}},"19":{"start":{"line":28,"column":6},"end":{"line":34,"column":null}},"20":{"start":{"line":29,"column":22},"end":{"line":29,"column":null}},"21":{"start":{"line":30,"column":8},"end":{"line":30,"column":null}},"22":{"start":{"line":30,"column":51},"end":{"line":30,"column":null}},"23":{"start":{"line":31,"column":8},"end":{"line":31,"column":null}},"24":{"start":{"line":32,"column":8},"end":{"line":32,"column":null}},"25":{"start":{"line":33,"column":8},"end":{"line":33,"column":null}},"26":{"start":{"line":36,"column":6},"end":{"line":36,"column":null}},"27":{"start":{"line":38,"column":6},"end":{"line":38,"column":null}},"28":{"start":{"line":42,"column":22},"end":{"line":42,"column":null}},"29":{"start":{"line":42,"column":55},"end":{"line":42,"column":61}},"30":{"start":{"line":44,"column":20},"end":{"line":55,"column":null}},"31":{"start":{"line":45,"column":27},"end":{"line":47,"column":null}},"32":{"start":{"line":50,"column":4},"end":{"line":52,"column":null}},"33":{"start":{"line":51,"column":6},"end":{"line":51,"column":null}},"34":{"start":{"line":54,"column":4},"end":{"line":54,"column":null}},"35":{"start":{"line":57,"column":20},"end":{"line":65,"column":null}},"36":{"start":{"line":67,"column":25},"end":{"line":67,"column":null}},"37":{"start":{"line":67,"column":54},"end":{"line":67,"column":79}},"38":{"start":{"line":68,"column":24},"end":{"line":68,"column":null}},"39":{"start":{"line":68,"column":53},"end":{"line":68,"column":77}},"40":{"start":{"line":70,"column":4},"end":{"line":70,"column":null}},"41":{"start":{"line":70,"column":56},"end":{"line":70,"column":82}},"42":{"start":{"line":72,"column":2},"end":{"line":90,"column":null}},"43":{"start":{"line":82,"column":14},"end":{"line":82,"column":32}},"44":{"start":{"line":170,"column":22},"end":{"line":170,"column":52}},"45":{"start":{"line":185,"column":46},"end":{"line":185,"column":77}},"46":{"start":{"line":194,"column":64},"end":{"line":197,"column":null}},"47":{"start":{"line":196,"column":44},"end":{"line":196,"column":62}},"48":{"start":{"line":200,"column":20},"end":{"line":201,"column":null}},"49":{"start":{"line":237,"column":20},"end":{"line":238,"column":null}},"50":{"start":{"line":239,"column":37},"end":{"line":239,"column":null}},"51":{"start":{"line":251,"column":32},"end":{"line":251,"column":null}}},"fnMap":{"0":{"name":"DexAnalyticsPage","decl":{"start":{"line":14,"column":24},"end":{"line":14,"column":null}},"loc":{"start":{"line":14,"column":24},"end":{"line":288,"column":null}}},"1":{"name":"(anonymous_2)","decl":{"start":{"line":20,"column":12},"end":{"line":20,"column":null}},"loc":{"start":{"line":20,"column":12},"end":{"line":22,"column":5}}},"2":{"name":"loadData","decl":{"start":{"line":24,"column":17},"end":{"line":24,"column":null}},"loc":{"start":{"line":24,"column":17},"end":{"line":40,"column":null}}},"3":{"name":"(anonymous_4)","decl":{"start":{"line":30,"column":41},"end":{"line":30,"column":42}},"loc":{"start":{"line":30,"column":51},"end":{"line":30,"column":null}}},"4":{"name":"(anonymous_5)","decl":{"start":{"line":42,"column":48},"end":{"line":42,"column":49}},"loc":{"start":{"line":42,"column":55},"end":{"line":42,"column":61}}},"5":{"name":"(anonymous_6)","decl":{"start":{"line":44,"column":46},"end":{"line":44,"column":47}},"loc":{"start":{"line":44,"column":47},"end":{"line":55,"column":null}}},"6":{"name":"(anonymous_7)","decl":{"start":{"line":50,"column":24},"end":{"line":50,"column":25}},"loc":{"start":{"line":50,"column":25},"end":{"line":52,"column":null}}},"7":{"name":"(anonymous_8)","decl":{"start":{"line":67,"column":42},"end":{"line":67,"column":43}},"loc":{"start":{"line":67,"column":54},"end":{"line":67,"column":79}}},"8":{"name":"(anonymous_9)","decl":{"start":{"line":68,"column":41},"end":{"line":68,"column":42}},"loc":{"start":{"line":68,"column":53},"end":{"line":68,"column":77}}},"9":{"name":"(anonymous_10)","decl":{"start":{"line":70,"column":44},"end":{"line":70,"column":45}},"loc":{"start":{"line":70,"column":56},"end":{"line":70,"column":82}}},"10":{"name":"(anonymous_11)","decl":{"start":{"line":81,"column":27},"end":{"line":81,"column":28}},"loc":{"start":{"line":82,"column":14},"end":{"line":82,"column":32}}},"11":{"name":"(anonymous_12)","decl":{"start":{"line":169,"column":37},"end":{"line":169,"column":38}},"loc":{"start":{"line":170,"column":22},"end":{"line":170,"column":52}}},"12":{"name":"(anonymous_13)","decl":{"start":{"line":185,"column":35},"end":{"line":185,"column":36}},"loc":{"start":{"line":185,"column":46},"end":{"line":185,"column":77}}},"13":{"name":"(anonymous_14)","decl":{"start":{"line":194,"column":31},"end":{"line":194,"column":32}},"loc":{"start":{"line":194,"column":64},"end":{"line":197,"column":null}}},"14":{"name":"(anonymous_15)","decl":{"start":{"line":196,"column":37},"end":{"line":196,"column":38}},"loc":{"start":{"line":196,"column":44},"end":{"line":196,"column":62}}},"15":{"name":"(anonymous_16)","decl":{"start":{"line":199,"column":35},"end":{"line":199,"column":36}},"loc":{"start":{"line":200,"column":20},"end":{"line":201,"column":null}}},"16":{"name":"(anonymous_17)","decl":{"start":{"line":236,"column":33},"end":{"line":236,"column":34}},"loc":{"start":{"line":237,"column":20},"end":{"line":238,"column":null}}},"17":{"name":"(anonymous_18)","decl":{"start":{"line":239,"column":31},"end":{"line":239,"column":37}},"loc":{"start":{"line":239,"column":37},"end":{"line":239,"column":null}}},"18":{"name":"(anonymous_19)","decl":{"start":{"line":250,"column":39},"end":{"line":250,"column":40}},"loc":{"start":{"line":250,"column":40},"end":{"line":252,"column":null}}}},"branchMap":{"0":{"loc":{"start":{"line":28,"column":6},"end":{"line":34,"column":null}},"type":"if","locations":[{"start":{"line":28,"column":6},"end":{"line":34,"column":null}}]},"1":{"loc":{"start":{"line":30,"column":52},"end":{"line":30,"column":72}},"type":"binary-expr","locations":[{"start":{"line":30,"column":52},"end":{"line":30,"column":62}},{"start":{"line":30,"column":66},"end":{"line":30,"column":72}}]},"2":{"loc":{"start":{"line":30,"column":72},"end":{"line":30,"column":null}},"type":"binary-expr","locations":[{"start":{"line":30,"column":72},"end":{"line":30,"column":82}},{"start":{"line":30,"column":86},"end":{"line":30,"column":null}}]},"3":{"loc":{"start":{"line":51,"column":27},"end":{"line":51,"column":null}},"type":"binary-expr","locations":[{"start":{"line":51,"column":27},"end":{"line":51,"column":47}},{"start":{"line":51,"column":51},"end":{"line":51,"column":null}}]},"4":{"loc":{"start":{"line":67,"column":61},"end":{"line":67,"column":79}},"type":"binary-expr","locations":[{"start":{"line":67,"column":61},"end":{"line":67,"column":71}},{"start":{"line":67,"column":75},"end":{"line":67,"column":79}}]},"5":{"loc":{"start":{"line":68,"column":60},"end":{"line":68,"column":77}},"type":"binary-expr","locations":[{"start":{"line":68,"column":60},"end":{"line":68,"column":69}},{"start":{"line":68,"column":73},"end":{"line":68,"column":77}}]},"6":{"loc":{"start":{"line":70,"column":4},"end":{"line":70,"column":null}},"type":"cond-expr","locations":[{"start":{"line":70,"column":27},"end":{"line":70,"column":103}},{"start":{"line":70,"column":106},"end":{"line":70,"column":null}}]},"7":{"loc":{"start":{"line":70,"column":63},"end":{"line":70,"column":82}},"type":"binary-expr","locations":[{"start":{"line":70,"column":63},"end":{"line":70,"column":74}},{"start":{"line":70,"column":78},"end":{"line":70,"column":82}}]},"8":{"loc":{"start":{"line":72,"column":2},"end":{"line":90,"column":null}},"type":"if","locations":[{"start":{"line":72,"column":2},"end":{"line":90,"column":null}}]},"9":{"loc":{"start":{"line":137,"column":18},"end":{"line":139,"column":19}},"type":"cond-expr","locations":[{"start":{"line":137,"column":18},"end":{"line":139,"column":19}}]},"10":{"loc":{"start":{"line":144,"column":61},"end":{"line":144,"column":116}},"type":"cond-expr","locations":[{"start":{"line":144,"column":81},"end":{"line":144,"column":100}},{"start":{"line":144,"column":100},"end":{"line":144,"column":116}}]},"11":{"loc":{"start":{"line":146,"column":19},"end":{"line":146,"column":null}},"type":"cond-expr","locations":[{"start":{"line":146,"column":39},"end":{"line":146,"column":45}},{"start":{"line":146,"column":45},"end":{"line":146,"column":null}}]},"12":{"loc":{"start":{"line":196,"column":22},"end":{"line":196,"column":null}},"type":"binary-expr","locations":[{"start":{"line":196,"column":22},"end":{"line":196,"column":77}},{"start":{"line":196,"column":77},"end":{"line":196,"column":null}}]},"13":{"loc":{"start":{"line":245,"column":27},"end":{"line":245,"column":40}},"type":"binary-expr","locations":[{"start":{"line":245,"column":27},"end":{"line":245,"column":40}}]},"14":{"loc":{"start":{"line":247,"column":35},"end":{"line":247,"column":null}},"type":"binary-expr","locations":[{"start":{"line":247,"column":35},"end":{"line":247,"column":48}},{"start":{"line":247,"column":52},"end":{"line":247,"column":null}}]},"15":{"loc":{"start":{"line":256,"column":76},"end":{"line":256,"column":113}},"type":"binary-expr","locations":[{"start":{"line":256,"column":76},"end":{"line":256,"column":96}},{"start":{"line":256,"column":100},"end":{"line":256,"column":113}}]},"16":{"loc":{"start":{"line":262,"column":28},"end":{"line":262,"column":54}},"type":"binary-expr","locations":[{"start":{"line":262,"column":28},"end":{"line":262,"column":45}},{"start":{"line":262,"column":49},"end":{"line":262,"column":54}}]},"17":{"loc":{"start":{"line":265,"column":28},"end":{"line":265,"column":53}},"type":"binary-expr","locations":[{"start":{"line":265,"column":28},"end":{"line":265,"column":44}},{"start":{"line":265,"column":48},"end":{"line":265,"column":53}}]},"18":{"loc":{"start":{"line":268,"column":28},"end":{"line":268,"column":54}},"type":"binary-expr","locations":[{"start":{"line":268,"column":28},"end":{"line":268,"column":45}},{"start":{"line":268,"column":49},"end":{"line":268,"column":54}}]},"19":{"loc":{"start":{"line":272,"column":64},"end":{"line":272,"column":132}},"type":"cond-expr","locations":[{"start":{"line":272,"column":97},"end":{"line":272,"column":116}},{"start":{"line":272,"column":116},"end":{"line":272,"column":132}}]},"20":{"loc":{"start":{"line":272,"column":65},"end":{"line":272,"column":93}},"type":"binary-expr","locations":[{"start":{"line":272,"column":65},"end":{"line":272,"column":83}},{"start":{"line":272,"column":87},"end":{"line":272,"column":93}}]},"21":{"loc":{"start":{"line":274,"column":28},"end":{"line":274,"column":null}},"type":"cond-expr","locations":[{"start":{"line":274,"column":60},"end":{"line":274,"column":66}},{"start":{"line":274,"column":66},"end":{"line":274,"column":null}}]},"22":{"loc":{"start":{"line":274,"column":28},"end":{"line":274,"column":56}},"type":"binary-expr","locations":[{"start":{"line":274,"column":28},"end":{"line":274,"column":46}},{"start":{"line":274,"column":50},"end":{"line":274,"column":56}}]},"23":{"loc":{"start":{"line":275,"column":28},"end":{"line":275,"column":53}},"type":"binary-expr","locations":[{"start":{"line":275,"column":28},"end":{"line":275,"column":46}},{"start":{"line":275,"column":50},"end":{"line":275,"column":53}}]}},"s":{"0":0,"1":0,"2":0,"3":0,"4":0,"5":0,"6":0,"7":0,"8":0,"9":0,"10":0,"11":0,"12":0,"13":0,"14":0,"15":0,"16":0,"17":0,"18":0,"19":0,"20":0,"21":0,"22":0,"23":0,"24":0,"25":0,"26":0,"27":0,"28":0,"29":0,"30":0,"31":0,"32":0,"33":0,"34":0,"35":0,"36":0,"37":0,"38":0,"39":0,"40":0,"41":0,"42":0,"43":0,"44":0,"45":0,"46":0,"47":0,"48":0,"49":0,"50":0,"51":0},"f":{"0":0,"1":0,"2":0,"3":0,"4":0,"5":0,"6":0,"7":0,"8":0,"9":0,"10":0,"11":0,"12":0,"13":0,"14":0,"15":0,"16":0,"17":0,"18":0},"b":{"0":[0],"1":[0,0],"2":[0,0],"3":[0,0],"4":[0,0],"5":[0,0],"6":[0,0],"7":[0,0],"8":[0],"9":[0],"10":[0,0],"11":[0,0],"12":[0,0],"13":[0],"14":[0,0],"15":[0,0],"16":[0,0],"17":[0,0],"18":[0,0],"19":[0,0],"20":[0,0],"21":[0,0],"22":[0,0],"23":[0,0]}}
,"/Users/dylanboudro/Desktop/sundial.exchange/app/dex-analytics/[dexId]/layout.tsx": {"path":"/Users/dylanboudro/Desktop/sundial.exchange/app/dex-analytics/[dexId]/layout.tsx","statementMap":{"0":{"start":{"line":60,"column":24},"end":{"line":60,"column":36}},"1":{"start":{"line":14,"column":22},"end":{"line":14,"column":38}},"2":{"start":{"line":7,"column":22},"end":{"line":7,"column":42}},"3":{"start":{"line":1,"column":38},"end":{"line":1,"column":null}},"4":{"start":{"line":3,"column":23},"end":{"line":3,"column":null}},"5":{"start":{"line":8,"column":22},"end":{"line":8,"column":null}},"6":{"start":{"line":9,"column":4},"end":{"line":11,"column":null}},"7":{"start":{"line":10,"column":23},"end":{"line":10,"column":31}},"8":{"start":{"line":11,"column":21},"end":{"line":11,"column":null}},"9":{"start":{"line":15,"column":22},"end":{"line":15,"column":null}},"10":{"start":{"line":16,"column":20},"end":{"line":16,"column":null}},"11":{"start":{"line":17,"column":18},"end":{"line":17,"column":58}},"12":{"start":{"line":18,"column":24},"end":{"line":18,"column":114}},"13":{"start":{"line":19,"column":16},"end":{"line":19,"column":51}},"14":{"start":{"line":21,"column":4},"end":{"line":57,"column":null}}},"fnMap":{"0":{"name":"generateStaticParams","decl":{"start":{"line":7,"column":22},"end":{"line":7,"column":42}},"loc":{"start":{"line":7,"column":22},"end":{"line":12,"column":null}}},"1":{"name":"(anonymous_5)","decl":{"start":{"line":10,"column":16},"end":{"line":10,"column":17}},"loc":{"start":{"line":10,"column":23},"end":{"line":10,"column":31}}},"2":{"name":"(anonymous_6)","decl":{"start":{"line":11,"column":13},"end":{"line":11,"column":14}},"loc":{"start":{"line":11,"column":21},"end":{"line":11,"column":null}}},"3":{"name":"generateMetadata","decl":{"start":{"line":14,"column":22},"end":{"line":14,"column":38}},"loc":{"start":{"line":14,"column":69},"end":{"line":58,"column":null}}},"4":{"name":"DexIdLayout","decl":{"start":{"line":60,"column":24},"end":{"line":60,"column":36}},"loc":{"start":{"line":60,"column":79},"end":{"line":67,"column":1}}}},"branchMap":{"0":{"loc":{"start":{"line":9,"column":12},"end":{"line":9,"column":26}},"type":"binary-expr","locations":[{"start":{"line":9,"column":12},"end":{"line":9,"column":25}},{"start":{"line":9,"column":25},"end":{"line":9,"column":26}}]}},"s":{"0":0,"1":0,"2":0,"3":0,"4":0,"5":0,"6":0,"7":0,"8":0,"9":0,"10":0,"11":0,"12":0,"13":0,"14":0},"f":{"0":0,"1":0,"2":0,"3":0,"4":0},"b":{"0":[0,0]}}
,"/Users/dylanboudro/Desktop/sundial.exchange/app/dex-analytics/[dexId]/page.tsx": {"path":"/Users/dylanboudro/Desktop/sundial.exchange/app/dex-analytics/[dexId]/page.tsx","statementMap":{"0":{"start":{"line":14,"column":24},"end":{"line":14,"column":null}},"1":{"start":{"line":3,"column":23},"end":{"line":3,"column":null}},"2":{"start":{"line":4,"column":23},"end":{"line":4,"column":null}},"3":{"start":{"line":5,"column":74},"end":{"line":5,"column":null}},"4":{"start":{"line":6,"column":25},"end":{"line":6,"column":null}},"5":{"start":{"line":7,"column":57},"end":{"line":7,"column":null}},"6":{"start":{"line":8,"column":23},"end":{"line":8,"column":null}},"7":{"start":{"line":9,"column":96},"end":{"line":9,"column":null}},"8":{"start":{"line":10,"column":37},"end":{"line":10,"column":null}},"9":{"start":{"line":11,"column":36},"end":{"line":11,"column":null}},"10":{"start":{"line":12,"column":106},"end":{"line":12,"column":null}},"11":{"start":{"line":15,"column":19},"end":{"line":15,"column":null}},"12":{"start":{"line":16,"column":19},"end":{"line":16,"column":null}},"13":{"start":{"line":17,"column":18},"end":{"line":17,"column":30}},"14":{"start":{"line":18,"column":44},"end":{"line":18,"column":null}},"15":{"start":{"line":19,"column":34},"end":{"line":19,"column":null}},"16":{"start":{"line":21,"column":4},"end":{"line":23,"column":null}},"17":{"start":{"line":22,"column":8},"end":{"line":22,"column":null}},"18":{"start":{"line":26,"column":8},"end":{"line":26,"column":null}},"19":{"start":{"line":27,"column":8},"end":{"line":35,"column":null}},"20":{"start":{"line":28,"column":24},"end":{"line":28,"column":null}},"21":{"start":{"line":29,"column":25},"end":{"line":29,"column":null}},"22":{"start":{"line":30,"column":12},"end":{"line":30,"column":null}},"23":{"start":{"line":32,"column":12},"end":{"line":32,"column":null}},"24":{"start":{"line":34,"column":12},"end":{"line":34,"column":null}},"25":{"start":{"line":38,"column":4},"end":{"line":56,"column":null}},"26":{"start":{"line":49,"column":28},"end":{"line":49,"column":46}},"27":{"start":{"line":58,"column":4},"end":{"line":75,"column":null}},"28":{"start":{"line":67,"column":47},"end":{"line":67,"column":78}},"29":{"start":{"line":78,"column":28},"end":{"line":83,"column":12}},"30":{"start":{"line":79,"column":69},"end":{"line":82,"column":null}},"31":{"start":{"line":86,"column":31},"end":{"line":91,"column":12}},"32":{"start":{"line":87,"column":113},"end":{"line":90,"column":null}},"33":{"start":{"line":93,"column":22},"end":{"line":93,"column":null}},"34":{"start":{"line":94,"column":21},"end":{"line":94,"column":null}},"35":{"start":{"line":103,"column":39},"end":{"line":103,"column":null}},"36":{"start":{"line":121,"column":36},"end":{"line":121,"column":null}},"37":{"start":{"line":260,"column":74},"end":{"line":260,"column":105}},"38":{"start":{"line":269,"column":78},"end":{"line":269,"column":null}},"39":{"start":{"line":307,"column":74},"end":{"line":307,"column":105}},"40":{"start":{"line":316,"column":78},"end":{"line":316,"column":null}}},"fnMap":{"0":{"name":"IndividualDexPage","decl":{"start":{"line":14,"column":24},"end":{"line":14,"column":null}},"loc":{"start":{"line":14,"column":24},"end":{"line":329,"column":null}}},"1":{"name":"(anonymous_2)","decl":{"start":{"line":21,"column":14},"end":{"line":21,"column":null}},"loc":{"start":{"line":21,"column":14},"end":{"line":23,"column":7}}},"2":{"name":"loadProtocolData","decl":{"start":{"line":25,"column":19},"end":{"line":25,"column":null}},"loc":{"start":{"line":25,"column":19},"end":{"line":36,"column":null}}},"3":{"name":"(anonymous_4)","decl":{"start":{"line":48,"column":42},"end":{"line":48,"column":43}},"loc":{"start":{"line":49,"column":28},"end":{"line":49,"column":46}}},"4":{"name":"(anonymous_5)","decl":{"start":{"line":67,"column":41},"end":{"line":67,"column":47}},"loc":{"start":{"line":67,"column":47},"end":{"line":67,"column":78}}},"5":{"name":"(anonymous_6)","decl":{"start":{"line":79,"column":53},"end":{"line":79,"column":54}},"loc":{"start":{"line":79,"column":69},"end":{"line":82,"column":null}}},"6":{"name":"(anonymous_7)","decl":{"start":{"line":87,"column":91},"end":{"line":87,"column":92}},"loc":{"start":{"line":87,"column":113},"end":{"line":90,"column":null}}},"7":{"name":"(anonymous_8)","decl":{"start":{"line":103,"column":33},"end":{"line":103,"column":39}},"loc":{"start":{"line":103,"column":39},"end":{"line":103,"column":null}}},"8":{"name":"(anonymous_9)","decl":{"start":{"line":120,"column":41},"end":{"line":120,"column":42}},"loc":{"start":{"line":120,"column":42},"end":{"line":122,"column":null}}},"9":{"name":"(anonymous_10)","decl":{"start":{"line":260,"column":63},"end":{"line":260,"column":64}},"loc":{"start":{"line":260,"column":74},"end":{"line":260,"column":105}}},"10":{"name":"(anonymous_11)","decl":{"start":{"line":269,"column":59},"end":{"line":269,"column":60}},"loc":{"start":{"line":269,"column":78},"end":{"line":269,"column":null}}},"11":{"name":"(anonymous_12)","decl":{"start":{"line":307,"column":63},"end":{"line":307,"column":64}},"loc":{"start":{"line":307,"column":74},"end":{"line":307,"column":105}}},"12":{"name":"(anonymous_13)","decl":{"start":{"line":316,"column":59},"end":{"line":316,"column":60}},"loc":{"start":{"line":316,"column":78},"end":{"line":316,"column":null}}}},"branchMap":{"0":{"loc":{"start":{"line":29,"column":25},"end":{"line":29,"column":null}},"type":"cond-expr","locations":[{"start":{"line":29,"column":34},"end":{"line":29,"column":53}},{"start":{"line":29,"column":53},"end":{"line":29,"column":null}}]},"1":{"loc":{"start":{"line":38,"column":4},"end":{"line":56,"column":null}},"type":"if","locations":[{"start":{"line":38,"column":4},"end":{"line":56,"column":null}}]},"2":{"loc":{"start":{"line":58,"column":4},"end":{"line":75,"column":null}},"type":"if","locations":[{"start":{"line":58,"column":4},"end":{"line":75,"column":null}}]},"3":{"loc":{"start":{"line":78,"column":28},"end":{"line":83,"column":12}},"type":"cond-expr","locations":[{"start":{"line":79,"column":10},"end":{"line":82,"column":null}},{"start":{"line":83,"column":10},"end":{"line":83,"column":12}}]},"4":{"loc":{"start":{"line":81,"column":20},"end":{"line":81,"column":null}},"type":"binary-expr","locations":[{"start":{"line":81,"column":20},"end":{"line":81,"column":27}},{"start":{"line":81,"column":31},"end":{"line":81,"column":null}}]},"5":{"loc":{"start":{"line":86,"column":31},"end":{"line":91,"column":12}},"type":"cond-expr","locations":[{"start":{"line":87,"column":10},"end":{"line":90,"column":null}},{"start":{"line":91,"column":10},"end":{"line":91,"column":12}}]},"6":{"loc":{"start":{"line":87,"column":25},"end":{"line":87,"column":87}},"type":"binary-expr","locations":[{"start":{"line":87,"column":25},"end":{"line":87,"column":79}},{"start":{"line":87,"column":83},"end":{"line":87,"column":87}}]},"7":{"loc":{"start":{"line":93,"column":22},"end":{"line":93,"column":null}},"type":"binary-expr","locations":[{"start":{"line":93,"column":22},"end":{"line":93,"column":44}},{"start":{"line":93,"column":48},"end":{"line":93,"column":null}}]},"8":{"loc":{"start":{"line":94,"column":21},"end":{"line":94,"column":null}},"type":"binary-expr","locations":[{"start":{"line":94,"column":21},"end":{"line":94,"column":43}},{"start":{"line":94,"column":47},"end":{"line":94,"column":null}}]},"9":{"loc":{"start":{"line":115,"column":25},"end":{"line":115,"column":42}},"type":"binary-expr","locations":[{"start":{"line":115,"column":25},"end":{"line":115,"column":42}}]},"10":{"loc":{"start":{"line":117,"column":37},"end":{"line":117,"column":null}},"type":"binary-expr","locations":[{"start":{"line":117,"column":37},"end":{"line":117,"column":54}},{"start":{"line":117,"column":58},"end":{"line":117,"column":null}}]},"11":{"loc":{"start":{"line":127,"column":33},"end":{"line":127,"column":78}},"type":"binary-expr","locations":[{"start":{"line":127,"column":33},"end":{"line":127,"column":57}},{"start":{"line":127,"column":61},"end":{"line":127,"column":78}}]},"12":{"loc":{"start":{"line":129,"column":66},"end":{"line":129,"column":null}},"type":"binary-expr","locations":[{"start":{"line":129,"column":66},"end":{"line":129,"column":90}},{"start":{"line":129,"column":94},"end":{"line":129,"column":null}}]},"13":{"loc":{"start":{"line":133,"column":25},"end":{"line":133,"column":41}},"type":"binary-expr","locations":[{"start":{"line":133,"column":25},"end":{"line":133,"column":41}}]},"14":{"loc":{"start":{"line":141,"column":25},"end":{"line":141,"column":45}},"type":"binary-expr","locations":[{"start":{"line":141,"column":25},"end":{"line":141,"column":45}}]},"15":{"loc":{"start":{"line":162,"column":40},"end":{"line":162,"column":70}},"type":"binary-expr","locations":[{"start":{"line":162,"column":40},"end":{"line":162,"column":61}},{"start":{"line":162,"column":65},"end":{"line":162,"column":70}}]},"16":{"loc":{"start":{"line":164,"column":76},"end":{"line":164,"column":128}},"type":"cond-expr","locations":[{"start":{"line":164,"column":93},"end":{"line":164,"column":112}},{"start":{"line":164,"column":112},"end":{"line":164,"column":128}}]},"17":{"loc":{"start":{"line":165,"column":37},"end":{"line":165,"column":null}},"type":"cond-expr","locations":[{"start":{"line":165,"column":54},"end":{"line":165,"column":60}},{"start":{"line":165,"column":60},"end":{"line":165,"column":null}}]},"18":{"loc":{"start":{"line":180,"column":40},"end":{"line":180,"column":69}},"type":"binary-expr","locations":[{"start":{"line":180,"column":40},"end":{"line":180,"column":60}},{"start":{"line":180,"column":64},"end":{"line":180,"column":69}}]},"19":{"loc":{"start":{"line":182,"column":76},"end":{"line":182,"column":127}},"type":"cond-expr","locations":[{"start":{"line":182,"column":92},"end":{"line":182,"column":111}},{"start":{"line":182,"column":111},"end":{"line":182,"column":127}}]},"20":{"loc":{"start":{"line":183,"column":37},"end":{"line":183,"column":null}},"type":"cond-expr","locations":[{"start":{"line":183,"column":53},"end":{"line":183,"column":59}},{"start":{"line":183,"column":59},"end":{"line":183,"column":null}}]},"21":{"loc":{"start":{"line":198,"column":40},"end":{"line":198,"column":70}},"type":"binary-expr","locations":[{"start":{"line":198,"column":40},"end":{"line":198,"column":61}},{"start":{"line":198,"column":65},"end":{"line":198,"column":70}}]},"22":{"loc":{"start":{"line":210,"column":36},"end":{"line":212,"column":37}},"type":"cond-expr","locations":[{"start":{"line":210,"column":36},"end":{"line":212,"column":37}}]},"23":{"loc":{"start":{"line":217,"column":40},"end":{"line":217,"column":74}},"type":"binary-expr","locations":[{"start":{"line":217,"column":40},"end":{"line":217,"column":65}},{"start":{"line":217,"column":69},"end":{"line":217,"column":74}}]}},"s":{"0":0,"1":0,"2":0,"3":0,"4":0,"5":0,"6":0,"7":0,"8":0,"9":0,"10":0,"11":0,"12":0,"13":0,"14":0,"15":0,"16":0,"17":0,"18":0,"19":0,"20":0,"21":0,"22":0,"23":0,"24":0,"25":0,"26":0,"27":0,"28":0,"29":0,"30":0,"31":0,"32":0,"33":0,"34":0,"35":0,"36":0,"37":0,"38":0,"39":0,"40":0},"f":{"0":0,"1":0,"2":0,"3":0,"4":0,"5":0,"6":0,"7":0,"8":0,"9":0,"10":0,"11":0,"12":0},"b":{"0":[0,0],"1":[0],"2":[0],"3":[0,0],"4":[0,0],"5":[0,0],"6":[0,0],"7":[0,0],"8":[0,0],"9":[0],"10":[0,0],"11":[0,0],"12":[0,0],"13":[0],"14":[0],"15":[0,0],"16":[0,0],"17":[0,0],"18":[0,0],"19":[0,0],"20":[0,0],"21":[0,0],"22":[0],"23":[0,0]}}
,"/Users/dylanboudro/Desktop/sundial.exchange/app/live/page.tsx": {"path":"/Users/dylanboudro/Desktop/sundial.exchange/app/live/page.tsx","statementMap":{"0":{"start":{"line":26,"column":24},"end":{"line":26,"column":null}},"1":{"start":{"line":3,"column":36},"end":{"line":3,"column":null}},"2":{"start":{"line":4,"column":40},"end":{"line":4,"column":null}},"3":{"start":{"line":5,"column":96},"end":{"line":5,"column":null}},"4":{"start":{"line":6,"column":21},"end":{"line":6,"column":null}},"5":{"start":{"line":27,"column":32},"end":{"line":64,"column":null}},"6":{"start":{"line":66,"column":42},"end":{"line":66,"column":null}},"7":{"start":{"line":67,"column":40},"end":{"line":67,"column":null}},"8":{"start":{"line":70,"column":2},"end":{"line":110,"column":null}},"9":{"start":{"line":71,"column":21},"end":{"line":107,"column":null}},"10":{"start":{"line":72,"column":26},"end":{"line":72,"column":null}},"11":{"start":{"line":73,"column":6},"end":{"line":73,"column":null}},"12":{"start":{"line":75,"column":6},"end":{"line":103,"column":null}},"13":{"start":{"line":76,"column":8},"end":{"line":103,"column":null}},"14":{"start":{"line":77,"column":10},"end":{"line":101,"column":null}},"15":{"start":{"line":78,"column":33},"end":{"line":78,"column":null}},"16":{"start":{"line":79,"column":27},"end":{"line":79,"column":39}},"17":{"start":{"line":81,"column":12},"end":{"line":93,"column":null}},"18":{"start":{"line":82,"column":30},"end":{"line":82,"column":null}},"19":{"start":{"line":83,"column":14},"end":{"line":83,"column":null}},"20":{"start":{"line":84,"column":19},"end":{"line":93,"column":null}},"21":{"start":{"line":85,"column":30},"end":{"line":85,"column":null}},"22":{"start":{"line":86,"column":14},"end":{"line":86,"column":null}},"23":{"start":{"line":87,"column":19},"end":{"line":93,"column":null}},"24":{"start":{"line":88,"column":30},"end":{"line":88,"column":null}},"25":{"start":{"line":89,"column":14},"end":{"line":89,"column":null}},"26":{"start":{"line":90,"column":19},"end":{"line":93,"column":null}},"27":{"start":{"line":91,"column":30},"end":{"line":91,"column":null}},"28":{"start":{"line":92,"column":14},"end":{"line":92,"column":null}},"29":{"start":{"line":95,"column":12},"end":{"line":100,"column":null}},"30":{"start":{"line":102,"column":10},"end":{"line":102,"column":null}},"31":{"start":{"line":106,"column":6},"end":{"line":106,"column":null}},"32":{"start":{"line":106,"column":23},"end":{"line":106,"column":45}},"33":{"start":{"line":109,"column":4},"end":{"line":109,"column":null}},"34":{"start":{"line":109,"column":17},"end":{"line":109,"column":null}},"35":{"start":{"line":113,"column":2},"end":{"line":129,"column":null}},"36":{"start":{"line":114,"column":21},"end":{"line":126,"column":null}},"37":{"start":{"line":115,"column":55},"end":{"line":115,"column":null}},"38":{"start":{"line":116,"column":21},"end":{"line":116,"column":null}},"39":{"start":{"line":117,"column":33},"end":{"line":123,"column":null}},"40":{"start":{"line":125,"column":6},"end":{"line":125,"column":null}},"41":{"start":{"line":125,"column":32},"end":{"line":125,"column":null}},"42":{"start":{"line":128,"column":4},"end":{"line":128,"column":null}},"43":{"start":{"line":128,"column":17},"end":{"line":128,"column":null}},"44":{"start":{"line":184,"column":12},"end":{"line":185,"column":null}},"45":{"start":{"line":272,"column":16},"end":{"line":273,"column":null}}},"fnMap":{"0":{"name":"LiveDashboard","decl":{"start":{"line":26,"column":24},"end":{"line":26,"column":null}},"loc":{"start":{"line":26,"column":24},"end":{"line":323,"column":null}}},"1":{"name":"(anonymous_2)","decl":{"start":{"line":70,"column":12},"end":{"line":70,"column":null}},"loc":{"start":{"line":70,"column":12},"end":{"line":110,"column":5}}},"2":{"name":"(anonymous_3)","decl":{"start":{"line":71,"column":33},"end":{"line":71,"column":null}},"loc":{"start":{"line":71,"column":33},"end":{"line":107,"column":7}}},"3":{"name":"(anonymous_4)","decl":{"start":{"line":75,"column":17},"end":{"line":75,"column":18}},"loc":{"start":{"line":76,"column":8},"end":{"line":103,"column":null}}},"4":{"name":"(anonymous_5)","decl":{"start":{"line":76,"column":17},"end":{"line":76,"column":18}},"loc":{"start":{"line":76,"column":26},"end":{"line":103,"column":null}}},"5":{"name":"(anonymous_6)","decl":{"start":{"line":106,"column":17},"end":{"line":106,"column":23}},"loc":{"start":{"line":106,"column":23},"end":{"line":106,"column":45}}},"6":{"name":"(anonymous_7)","decl":{"start":{"line":109,"column":11},"end":{"line":109,"column":17}},"loc":{"start":{"line":109,"column":17},"end":{"line":109,"column":null}}},"7":{"name":"(anonymous_8)","decl":{"start":{"line":113,"column":12},"end":{"line":113,"column":null}},"loc":{"start":{"line":113,"column":12},"end":{"line":129,"column":5}}},"8":{"name":"(anonymous_9)","decl":{"start":{"line":114,"column":33},"end":{"line":114,"column":null}},"loc":{"start":{"line":114,"column":33},"end":{"line":126,"column":7}}},"9":{"name":"(anonymous_10)","decl":{"start":{"line":125,"column":22},"end":{"line":125,"column":23}},"loc":{"start":{"line":125,"column":32},"end":{"line":125,"column":null}}},"10":{"name":"(anonymous_11)","decl":{"start":{"line":128,"column":11},"end":{"line":128,"column":17}},"loc":{"start":{"line":128,"column":17},"end":{"line":128,"column":null}}},"11":{"name":"(anonymous_12)","decl":{"start":{"line":183,"column":23},"end":{"line":183,"column":24}},"loc":{"start":{"line":184,"column":12},"end":{"line":185,"column":null}}},"12":{"name":"(anonymous_13)","decl":{"start":{"line":271,"column":32},"end":{"line":271,"column":33}},"loc":{"start":{"line":272,"column":16},"end":{"line":273,"column":null}}}},"branchMap":{"0":{"loc":{"start":{"line":77,"column":10},"end":{"line":101,"column":null}},"type":"if","locations":[{"start":{"line":77,"column":10},"end":{"line":101,"column":null}}]},"1":{"loc":{"start":{"line":81,"column":12},"end":{"line":93,"column":null}},"type":"if","locations":[{"start":{"line":81,"column":12},"end":{"line":93,"column":null}},{"start":{"line":84,"column":19},"end":{"line":93,"column":null}}]},"2":{"loc":{"start":{"line":84,"column":19},"end":{"line":93,"column":null}},"type":"if","locations":[{"start":{"line":84,"column":19},"end":{"line":93,"column":null}},{"start":{"line":87,"column":19},"end":{"line":93,"column":null}}]},"3":{"loc":{"start":{"line":87,"column":19},"end":{"line":93,"column":null}},"type":"if","locations":[{"start":{"line":87,"column":19},"end":{"line":93,"column":null}},{"start":{"line":90,"column":19},"end":{"line":93,"column":null}}]},"4":{"loc":{"start":{"line":90,"column":19},"end":{"line":93,"column":null}},"type":"if","locations":[{"start":{"line":90,"column":19},"end":{"line":93,"column":null}}]},"5":{"loc":{"start":{"line":99,"column":21},"end":{"line":99,"column":null}},"type":"cond-expr","locations":[{"start":{"line":99,"column":41},"end":{"line":99,"column":48}},{"start":{"line":99,"column":48},"end":{"line":99,"column":null}}]},"6":{"loc":{"start":{"line":192,"column":18},"end":{"line":192,"column":null}},"type":"cond-expr","locations":[{"start":{"line":192,"column":46},"end":{"line":192,"column":101}},{"start":{"line":192,"column":101},"end":{"line":192,"column":null}}]},"7":{"loc":{"start":{"line":196,"column":19},"end":{"line":196,"column":44}},"type":"binary-expr","locations":[{"start":{"line":196,"column":19},"end":{"line":196,"column":44}}]},"8":{"loc":{"start":{"line":226,"column":24},"end":{"line":226,"column":null}},"type":"cond-expr","locations":[{"start":{"line":226,"column":48},"end":{"line":226,"column":67}},{"start":{"line":226,"column":67},"end":{"line":226,"column":null}}]},"9":{"loc":{"start":{"line":230,"column":24},"end":{"line":232,"column":25}},"type":"cond-expr","locations":[{"start":{"line":230,"column":24},"end":{"line":232,"column":25}}]},"10":{"loc":{"start":{"line":239,"column":30},"end":{"line":239,"column":null}},"type":"cond-expr","locations":[{"start":{"line":239,"column":58},"end":{"line":239,"column":69}},{"start":{"line":239,"column":69},"end":{"line":239,"column":null}}]},"11":{"loc":{"start":{"line":240,"column":29},"end":{"line":240,"column":null}},"type":"cond-expr","locations":[{"start":{"line":240,"column":57},"end":{"line":240,"column":71}},{"start":{"line":240,"column":71},"end":{"line":240,"column":null}}]},"12":{"loc":{"start":{"line":285,"column":24},"end":{"line":289,"column":null}},"type":"cond-expr","locations":[{"start":{"line":286,"column":28},"end":{"line":286,"column":null}},{"start":{"line":287,"column":28},"end":{"line":289,"column":null}}]},"13":{"loc":{"start":{"line":287,"column":28},"end":{"line":289,"column":null}},"type":"cond-expr","locations":[{"start":{"line":288,"column":30},"end":{"line":288,"column":null}},{"start":{"line":289,"column":30},"end":{"line":289,"column":null}}]},"14":{"loc":{"start":{"line":293,"column":24},"end":{"line":294,"column":29}},"type":"cond-expr","locations":[{"start":{"line":293,"column":24},"end":{"line":294,"column":29}}]},"15":{"loc":{"start":{"line":295,"column":24},"end":{"line":297,"column":25}},"type":"cond-expr","locations":[{"start":{"line":295,"column":24},"end":{"line":297,"column":25}}]}},"s":{"0":0,"1":0,"2":0,"3":0,"4":0,"5":0,"6":0,"7":0,"8":0,"9":0,"10":0,"11":0,"12":0,"13":0,"14":0,"15":0,"16":0,"17":0,"18":0,"19":0,"20":0,"21":0,"22":0,"23":0,"24":0,"25":0,"26":0,"27":0,"28":0,"29":0,"30":0,"31":0,"32":0,"33":0,"34":0,"35":0,"36":0,"37":0,"38":0,"39":0,"40":0,"41":0,"42":0,"43":0,"44":0,"45":0},"f":{"0":0,"1":0,"2":0,"3":0,"4":0,"5":0,"6":0,"7":0,"8":0,"9":0,"10":0,"11":0,"12":0},"b":{"0":[0],"1":[0,0],"2":[0,0],"3":[0,0],"4":[0],"5":[0,0],"6":[0,0],"7":[0],"8":[0,0],"9":[0],"10":[0,0],"11":[0,0],"12":[0,0],"13":[0,0],"14":[0],"15":[0]}}
,"/Users/dylanboudro/Desktop/sundial.exchange/app/privacy-policy/page.tsx": {"path":"/Users/dylanboudro/Desktop/sundial.exchange/app/privacy-policy/page.tsx","statementMap":{"0":{"start":{"line":9,"column":24},"end":{"line":9,"column":null}},"1":{"start":{"line":4,"column":13},"end":{"line":4,"column":21}},"2":{"start":{"line":1,"column":23},"end":{"line":1,"column":null}},"3":{"start":{"line":2,"column":74},"end":{"line":2,"column":null}},"4":{"start":{"line":4,"column":24},"end":{"line":7,"column":null}}},"fnMap":{"0":{"name":"PrivacyPage","decl":{"start":{"line":9,"column":24},"end":{"line":9,"column":null}},"loc":{"start":{"line":9,"column":24},"end":{"line":78,"column":1}}}},"branchMap":{},"s":{"0":0,"1":0,"2":0,"3":0,"4":0},"f":{"0":0},"b":{}}
,"/Users/dylanboudro/Desktop/sundial.exchange/app/stablecoins/page.tsx": {"path":"/Users/dylanboudro/Desktop/sundial.exchange/app/stablecoins/page.tsx","statementMap":{"0":{"start":{"line":17,"column":24},"end":{"line":17,"column":null}},"1":{"start":{"line":3,"column":36},"end":{"line":3,"column":null}},"2":{"start":{"line":4,"column":74},"end":{"line":4,"column":null}},"3":{"start":{"line":5,"column":78},"end":{"line":5,"column":null}},"4":{"start":{"line":6,"column":44},"end":{"line":6,"column":null}},"5":{"start":{"line":7,"column":91},"end":{"line":7,"column":null}},"6":{"start":{"line":8,"column":54},"end":{"line":8,"column":null}},"7":{"start":{"line":9,"column":23},"end":{"line":9,"column":null}},"8":{"start":{"line":15,"column":7},"end":{"line":15,"column":null}},"9":{"start":{"line":18,"column":40},"end":{"line":18,"column":null}},"10":{"start":{"line":19,"column":52},"end":{"line":19,"column":null}},"11":{"start":{"line":20,"column":36},"end":{"line":20,"column":null}},"12":{"start":{"line":21,"column":32},"end":{"line":21,"column":null}},"13":{"start":{"line":22,"column":46},"end":{"line":22,"column":null}},"14":{"start":{"line":24,"column":2},"end":{"line":26,"column":null}},"15":{"start":{"line":25,"column":4},"end":{"line":25,"column":null}},"16":{"start":{"line":28,"column":29},"end":{"line":67,"column":null}},"17":{"start":{"line":29,"column":4},"end":{"line":29,"column":null}},"18":{"start":{"line":30,"column":4},"end":{"line":66,"column":null}},"19":{"start":{"line":31,"column":44},"end":{"line":35,"column":null}},"20":{"start":{"line":37,"column":6},"end":{"line":37,"column":null}},"21":{"start":{"line":38,"column":6},"end":{"line":38,"column":null}},"22":{"start":{"line":40,"column":6},"end":{"line":61,"column":null}},"23":{"start":{"line":41,"column":8},"end":{"line":41,"column":null}},"24":{"start":{"line":43,"column":32},"end":{"line":56,"column":null}},"25":{"start":{"line":45,"column":10},"end":{"line":55,"column":null}},"26":{"start":{"line":46,"column":12},"end":{"line":49,"column":null}},"27":{"start":{"line":51,"column":12},"end":{"line":54,"column":null}},"28":{"start":{"line":58,"column":8},"end":{"line":58,"column":null}},"29":{"start":{"line":59,"column":8},"end":{"line":59,"column":null}},"30":{"start":{"line":60,"column":8},"end":{"line":60,"column":null}},"31":{"start":{"line":63,"column":6},"end":{"line":63,"column":null}},"32":{"start":{"line":65,"column":6},"end":{"line":65,"column":null}},"33":{"start":{"line":70,"column":31},"end":{"line":72,"column":null}},"34":{"start":{"line":71,"column":19},"end":{"line":71,"column":null}},"35":{"start":{"line":75,"column":25},"end":{"line":81,"column":null}},"36":{"start":{"line":77,"column":19},"end":{"line":77,"column":null}},"37":{"start":{"line":78,"column":19},"end":{"line":78,"column":null}},"38":{"start":{"line":79,"column":6},"end":{"line":79,"column":null}},"39":{"start":{"line":84,"column":28},"end":{"line":84,"column":null}},"40":{"start":{"line":86,"column":25},"end":{"line":90,"column":null}},"41":{"start":{"line":87,"column":4},"end":{"line":87,"column":null}},"42":{"start":{"line":87,"column":22},"end":{"line":87,"column":null}},"43":{"start":{"line":88,"column":4},"end":{"line":88,"column":null}},"44":{"start":{"line":88,"column":22},"end":{"line":88,"column":null}},"45":{"start":{"line":89,"column":4},"end":{"line":89,"column":null}},"46":{"start":{"line":92,"column":21},"end":{"line":94,"column":null}},"47":{"start":{"line":93,"column":4},"end":{"line":93,"column":null}},"48":{"start":{"line":165,"column":67},"end":{"line":165,"column":null}},"49":{"start":{"line":203,"column":48},"end":{"line":203,"column":null}},"50":{"start":{"line":214,"column":49},"end":{"line":214,"column":null}},"51":{"start":{"line":215,"column":52},"end":{"line":215,"column":null}},"52":{"start":{"line":271,"column":37},"end":{"line":271,"column":null}},"53":{"start":{"line":272,"column":37},"end":{"line":272,"column":null}},"54":{"start":{"line":273,"column":24},"end":{"line":273,"column":null}},"55":{"start":{"line":276,"column":42},"end":{"line":276,"column":null}},"56":{"start":{"line":277,"column":39},"end":{"line":277,"column":null}},"57":{"start":{"line":278,"column":43},"end":{"line":278,"column":null}},"58":{"start":{"line":280,"column":24},"end":{"line":281,"column":50}}},"fnMap":{"0":{"name":"StablecoinsPage","decl":{"start":{"line":17,"column":24},"end":{"line":17,"column":null}},"loc":{"start":{"line":17,"column":24},"end":{"line":310,"column":null}}},"1":{"name":"(anonymous_2)","decl":{"start":{"line":24,"column":12},"end":{"line":24,"column":null}},"loc":{"start":{"line":24,"column":12},"end":{"line":26,"column":5}}},"2":{"name":"(anonymous_3)","decl":{"start":{"line":28,"column":29},"end":{"line":28,"column":null}},"loc":{"start":{"line":28,"column":29},"end":{"line":67,"column":null}}},"3":{"name":"(anonymous_4)","decl":{"start":{"line":43,"column":44},"end":{"line":43,"column":45}},"loc":{"start":{"line":43,"column":45},"end":{"line":56,"column":null}}},"4":{"name":"(anonymous_5)","decl":{"start":{"line":71,"column":4},"end":{"line":71,"column":5}},"loc":{"start":{"line":71,"column":19},"end":{"line":71,"column":null}}},"5":{"name":"(anonymous_6)","decl":{"start":{"line":76,"column":10},"end":{"line":76,"column":11}},"loc":{
[...]
:{"start":{"line":37,"column":31},"end":{"line":37,"column":33}},"6":{"start":{"line":38,"column":2},"end":{"line":40,"column":null}},"7":{"start":{"line":38,"column":15},"end":{"line":38,"column":24}},"8":{"start":{"line":39,"column":4},"end":{"line":39,"column":null}},"9":{"start":{"line":41,"column":2},"end":{"line":43,"column":null}},"10":{"start":{"line":42,"column":4},"end":{"line":42,"column":null}},"11":{"start":{"line":44,"column":2},"end":{"line":44,"column":null}},"12":{"start":{"line":48,"column":21},"end":{"line":48,"column":null}},"13":{"start":{"line":49,"column":21},"end":{"line":50,"column":null}},"14":{"start":{"line":50,"column":64},"end":{"line":50,"column":null}},"15":{"start":{"line":52,"column":14},"end":{"line":52,"column":91}},"16":{"start":{"line":53,"column":14},"end":{"line":53,"column":null}},"17":{"start":{"line":54,"column":2},"end":{"line":56,"column":null}},"18":{"start":{"line":55,"column":4},"end":{"line":55,"column":null}},"19":{"start":{"line":57,"column":35},"end":{"line":57,"column":null}},"20":{"start":{"line":58,"column":18},"end":{"line":58,"column":null}},"21":{"start":{"line":59,"column":2},"end":{"line":70,"column":null}},"22":{"start":{"line":60,"column":19},"end":{"line":60,"column":null}},"23":{"start":{"line":60,"column":52},"end":{"line":60,"column":77}},"24":{"start":{"line":61,"column":18},"end":{"line":61,"column":null}},"25":{"start":{"line":62,"column":17},"end":{"line":62,"column":null}},"26":{"start":{"line":63,"column":22},"end":{"line":63,"column":null}},"27":{"start":{"line":64,"column":4},"end":{"line":69,"column":null}},"28":{"start":{"line":68,"column":33},"end":{"line":68,"column":null}}},"fnMap":{"0":{"name":"generateHourlyTimestamps","decl":{"start":{"line":33,"column":9},"end":{"line":33,"column":34}},"loc":{"start":{"line":33,"column":47},"end":{"line":45,"column":null}}},"1":{"name":"fetchTrendingTokensData","decl":{"start":{"line":47,"column":22},"end":{"line":47,"column":46}},"loc":{"start":{"line":47,"column":59},"end":{"line":71,"column":null}}},"2":{"name":"(anonymous_3)","decl":{"start":{"line":50,"column":56},"end":{"line":50,"column":57}},"loc":{"start":{"line":50,"column":64},"end":{"line":50,"column":null}}},"3":{"name":"(anonymous_4)","decl":{"start":{"line":59,"column":21},"end":{"line":59,"column":22}},"loc":{"start":{"line":59,"column":22},"end":{"line":70,"column":null}}},"4":{"name":"(anonymous_5)","decl":{"start":{"line":60,"column":42},"end":{"line":60,"column":43}},"loc":{"start":{"line":60,"column":52},"end":{"line":60,"column":77}}},"5":{"name":"(anonymous_6)","decl":{"start":{"line":68,"column":25},"end":{"line":68,"column":26}},"loc":{"start":{"line":68,"column":33},"end":{"line":68,"column":null}}}},"branchMap":{"0":{"loc":{"start":{"line":34,"column":18},"end":{"line":34,"column":null}},"type":"cond-expr","locations":[{"start":{"line":34,"column":56},"end":{"line":34,"column":76}},{"start":{"line":34,"column":76},"end":{"line":34,"column":null}}]},"1":{"loc":{"start":{"line":34,"column":18},"end":{"line":34,"column":56}},"type":"binary-expr","locations":[{"start":{"line":34,"column":18},"end":{"line":34,"column":44}},{"start":{"line":34,"column":44},"end":{"line":34,"column":56}}]},"2":{"loc":{"start":{"line":35,"column":20},"end":{"line":35,"column":null}},"type":"cond-expr","locations":[{"start":{"line":35,"column":35},"end":{"line":35,"column":39}},{"start":{"line":35,"column":39},"end":{"line":35,"column":null}}]},"3":{"loc":{"start":{"line":41,"column":2},"end":{"line":43,"column":null}},"type":"if","locations":[{"start":{"line":41,"column":2},"end":{"line":43,"column":null}}]},"4":{"loc":{"start":{"line":54,"column":2},"end":{"line":56,"column":null}},"type":"if","locations":[{"start":{"line":54,"column":2},"end":{"line":56,"column":null}}]},"5":{"loc":{"start":{"line":61,"column":18},"end":{"line":61,"column":null}},"type":"binary-expr","locations":[{"start":{"line":61,"column":18},"end":{"line":61,"column":38}},{"start":{"line":61,"column":38},"end":{"line":61,"column":null}}]},"6":{"loc":{"start":{"line":62,"column":17},"end":{"line":62,"column":null}},"type":"binary-expr","locations":[{"start":{"line":62,"column":17},"end":{"line":62,"column":53}},{"start":{"line":62,"column":53},"end":{"line":62,"column":null}}]},"7":{"loc":{"start":{"line":63,"column":22},"end":{"line":63,"column":null}},"type":"cond-expr","locations":[{"start":{"line":63,"column":34},"end":{"line":63,"column":67}},{"start":{"line":63,"column":67},"end":{"line":63,"column":null}}]}},"s":{"0":0,"1":0,"2":0,"3":0,"4":0,"5":0,"6":0,"7":0,"8":0,"9":0,"10":0,"11":0,"12":0,"13":0,"14":0,"15":0,"16":0,"17":0,"18":0,"19":0,"20":0,"21":0,"22":0,"23":0,"24":0,"25":0,"26":0,"27":0,"28":0},"f":{"0":0,"1":0,"2":0,"3":0,"4":0,"5":0},"b":{"0":[0,0],"1":[0,0],"2":[0,0],"3":[0],"4":[0],"5":[0,0],"6":[0,0],"7":[0,0]}}
,"/Users/dylanboudro/Desktop/sundial.exchange/lib/helius.ts": {"path":"/Users/dylanboudro/Desktop/sundial.exchange/lib/helius.ts","statementMap":{"0":{"start":{"line":21,"column":22},"end":{"line":21,"column":50}},"1":{"start":{"line":64,"column":22},"end":{"line":64,"column":42}},"2":{"start":{"line":25,"column":4},"end":{"line":25,"column":null}},"3":{"start":{"line":25,"column":28},"end":{"line":25,"column":null}},"4":{"start":{"line":27,"column":21},"end":{"line":32,"column":null}},"5":{"start":{"line":34,"column":4},"end":{"line":36,"column":null}},"6":{"start":{"line":35,"column":8},"end":{"line":35,"column":null}},"7":{"start":{"line":38,"column":18},"end":{"line":38,"column":null}},"8":{"start":{"line":46,"column":16},"end":{"line":46,"column":null}},"9":{"start":{"line":47,"column":4},"end":{"line":56,"column":null}},"10":{"start":{"line":48,"column":8},"end":{"line":48,"column":null}},"11":{"start":{"line":48,"column":21},"end":{"line":48,"column":null}},"12":{"start":{"line":49,"column":8},"end":{"line":55,"column":null}},"13":{"start":{"line":58,"column":4},"end":{"line":58,"column":null}},"14":{"start":{"line":68,"column":21},"end":{"line":70,"column":null}},"15":{"start":{"line":73,"column":4},"end":{"line":75,"column":null}},"16":{"start":{"line":74,"column":8},"end":{"line":74,"column":null}},"17":{"start":{"line":77,"column":19},"end":{"line":77,"column":null}},"18":{"start":{"line":85,"column":18},"end":{"line":85,"column":null}},"19":{"start":{"line":85,"column":35},"end":{"line":85,"column":39}},"20":{"start":{"line":86,"column":20},"end":{"line":86,"column":null}},"21":{"start":{"line":87,"column":4},"end":{"line":92,"column":null}},"22":{"start":{"line":88,"column":8},"end":{"line":88,"column":null}},"23":{"start":{"line":91,"column":8},"end":{"line":91,"column":null}},"24":{"start":{"line":94,"column":4},"end":{"line":104,"column":null}},"25":{"start":{"line":95,"column":21},"end":{"line":95,"column":null}},"26":{"start":{"line":96,"column":8},"end":{"line":103,"column":null}}},"fnMap":{"0":{"name":"fetchTokenMetadataFromHelius","decl":{"start":{"line":21,"column":22},"end":{"line":21,"column":50}},"loc":{"start":{"line":23,"column":24},"end":{"line":59,"column":null}}},"1":{"name":"getTopTokensByVolume","decl":{"start":{"line":64,"column":22},"end":{"line":64,"column":42}},"loc":{"start":{"line":66,"column":24},"end":{"line":105,"column":null}}},"2":{"name":"(anonymous_5)","decl":{"start":{"line":85,"column":28},"end":{"line":85,"column":29}},"loc":{"start":{"line":85,"column":35},"end":{"line":85,"column":39}}},"3":{"name":"(anonymous_6)","decl":{"start":{"line":94,"column":21},"end":{"line":94,"column":22}},"loc":{"start":{"line":94,"column":22},"end":{"line":104,"column":null}}}},"branchMap":{"0":{"loc":{"start":{"line":25,"column":4},"end":{"line":25,"column":null}},"type":"if","locations":[{"start":{"line":25,"column":4},"end":{"line":25,"column":null}}]},"1":{"loc":{"start":{"line":34,"column":4},"end":{"line":36,"column":null}},"type":"if","locations":[{"start":{"line":34,"column":4},"end":{"line":36,"column":null}}]},"2":{"loc":{"start":{"line":48,"column":8},"end":{"line":48,"column":null}},"type":"if","locations":[{"start":{"line":48,"column":8},"end":{"line":48,"column":null}}]},"3":{"loc":{"start":{"line":50,"column":20},"end":{"line":50,"column":null}},"type":"binary-expr","locations":[{"start":{"line":50,"column":20},"end":{"line":50,"column":28}},{"start":{"line":50,"column":32},"end":{"line":50,"column":null}}]},"4":{"loc":{"start":{"line":51,"column":18},"end":{"line":51,"column":null}},"type":"binary-expr","locations":[{"start":{"line":51,"column":18},"end":{"line":51,"column":24}},{"start":{"line":51,"column":28},"end":{"line":51,"column":null}}]},"5":{"loc":{"start":{"line":54,"column":22},"end":{"line":54,"column":null}},"type":"cond-expr","locations":[{"start":{"line":54,"column":55},"end":{"line":54,"column":65}},{"start":{"line":54,"column":68},"end":{"line":54,"column":null}}]},"6":{"loc":{"start":{"line":73,"column":4},"end":{"line":75,"column":null}},"type":"if","locations":[{"start":{"line":73,"column":4},"end":{"line":75,"column":null}}]},"7":{"loc":{"start":{"line":97,"column":20},"end":{"line":97,"column":44}},"type":"binary-expr","locations":[{"start":{"line":97,"column":20},"end":{"line":97,"column":36}},{"start":{"line":97,"column":36},"end":{"line":97,"column":44}}]},"8":{"loc":{"start":{"line":98,"column":18},"end":{"line":98,"column":38}},"type":"binary-expr","locations":[{"start":{"line":98,"column":18},"end":{"line":98,"column":32}},{"start":{"line":98,"column":32},"end":{"line":98,"column":38}}]},"9":{"loc":{"start":{"line":100,"column":18},"end":{"line":100,"column":40}},"type":"binary-expr","locations":[{"start":{"line":100,"column":18},"end":{"line":100,"column":33}},{"start":{"line":100,"column":33},"end":{"line":100,"column":40}}]},"10":{"loc":{"start":{"line":101,"column":22},"end":{"line":101,"column":null}},"type":"binary-expr","locations":[{"start":{"line":101,"column":22},"end":{"line":101,"column":40}},{"start":{"line":101,"column":40},"end":{"line":101,"column":null}}]}},"s":{"0":0,"1":0,"2":0,"3":0,"4":0,"5":0,"6":0,"7":0,"8":0,"9":0,"10":0,"11":0,"12":0,"13":0,"14":0,"15":0,"16":0,"17":0,"18":0,"19":0,"20":0,"21":0,"22":0,"23":0,"24":0,"25":0,"26":0},"f":{"0":0,"1":0,"2":0,"3":0},"b":{"0":[0],"1":[0],"2":[0],"3":[0,0],"4":[0,0],"5":[0,0],"6":[0],"7":[0,0],"8":[0,0],"9":[0,0],"10":[0,0]}}
,"/Users/dylanboudro/Desktop/sundial.exchange/lib/jupiter-ultra.ts": {"path":"/Users/dylanboudro/Desktop/sundial.exchange/lib/jupiter-ultra.ts","statementMap":{"0":{"start":{"line":142,"column":22},"end":{"line":142,"column":41}},"1":{"start":{"line":62,"column":22},"end":{"line":62,"column":33}},"2":{"start":{"line":72,"column":22},"end":{"line":72,"column":37}},"3":{"start":{"line":2,"column":22},"end":{"line":2,"column":null}},"4":{"start":{"line":1,"column":26},"end":{"line":1,"column":null}},"5":{"start":{"line":63,"column":19},"end":{"line":63,"column":null}},"6":{"start":{"line":65,"column":2},"end":{"line":67,"column":null}},"7":{"start":{"line":66,"column":4},"end":{"line":66,"column":null}},"8":{"start":{"line":69,"column":2},"end":{"line":69,"column":null}},"9":{"start":{"line":74,"column":4},"end":{"line":74,"column":null}},"10":{"start":{"line":76,"column":4},"end":{"line":78,"column":null}},"11":{"start":{"line":80,"column":45},"end":{"line":85,"column":null}},"12":{"start":{"line":87,"column":2},"end":{"line":89,"column":null}},"13":{"start":{"line":88,"column":4},"end":{"line":88,"column":null}},"14":{"start":{"line":91,"column":2},"end":{"line":93,"column":null}},"15":{"start":{"line":92,"column":4},"end":{"line":92,"column":null}},"16":{"start":{"line":95,"column":2},"end":{"line":97,"column":null}},"17":{"start":{"line":96,"column":4},"end":{"line":96,"column":null}},"18":{"start":{"line":99,"column":22},"end":{"line":99,"column":null}},"19":{"start":{"line":101,"column":2},"end":{"line":111,"column":null}},"20":{"start":{"line":102,"column":4},"end":{"line":110,"column":null}},"21":{"start":{"line":113,"column":19},"end":{"line":113,"column":null}},"22":{"start":{"line":115,"column":2},"end":{"line":127,"column":null}},"23":{"start":{"line":116,"column":22},"end":{"line":116,"column":null}},"24":{"start":{"line":117,"column":4},"end":{"line":125,"column":null}},"25":{"start":{"line":118,"column":6},"end":{"line":124,"column":null}},"26":{"start":{"line":126,"column":4},"end":{"line":126,"column":null}},"27":{"start":{"line":129,"column":16},"end":{"line":129,"column":null}},"28":{"start":{"line":130,"column":2},"end":{"line":138,"column":null}},"29":{"start":{"line":131,"column":4},"end":{"line":137,"column":null}},"30":{"start":{"line":139,"column":2},"end":{"line":139,"column":null}},"31":{"start":{"line":146,"column":2},"end":{"line":148,"column":null}},"32":{"start":{"line":147,"column":4},"end":{"line":147,"column":null}},"33":{"start":{"line":150,"column":19},"end":{"line":159,"column":null}},"34":{"start":{"line":161,"column":2},"end":{"line":167,"column":null}},"35":{"start":{"line":162,"column":22},"end":{"line":162,"column":null}},"36":{"start":{"line":163,"column":4},"end":{"line":165,"column":null}},"37":{"start":{"line":164,"column":6},"end":{"line":164,"column":null}},"38":{"start":{"line":166,"column":4},"end":{"line":166,"column":null}},"39":{"start":{"line":169,"column":16},"end":{"line":169,"column":null}},"40":{"start":{"line":170,"column":2},"end":{"line":172,"column":null}},"41":{"start":{"line":171,"column":4},"end":{"line":171,"column":null}},"42":{"start":{"line":173,"column":2},"end":{"line":173,"column":null}}},"fnMap":{"0":{"name":"getHoldings","decl":{"start":{"line":62,"column":22},"end":{"line":62,"column":33}},"loc":{"start":{"line":62,"column":49},"end":{"line":70,"column":null}}},"1":{"name":"getJupiterOrder","decl":{"start":{"line":72,"column":22},"end":{"line":72,"column":37}},"loc":{"start":{"line":72,"column":64},"end":{"line":140,"column":null}}},"2":{"name":"executeJupiterOrder","decl":{"start":{"line":142,"column":22},"end":{"line":142,"column":41}},"loc":{"start":{"line":144,"column":19},"end":{"line":174,"column":null}}}},"branchMap":{"0":{"loc":{"start":{"line":65,"column":2},"end":{"line":67,"column":null}},"type":"if","locations":[{"start":{"line":65,"column":2},"end":{"line":67,"column":null}}]},"1":{"loc":{"start":{"line":74,"column":4},"end":{"line":74,"column":null}},"type":"binary-expr","locations":[{"start":{"line":74,"column":4},"end":{"line":74,"column":26}},{"start":{"line":74,"column":31},"end":{"line":74,"column":121}}]},"2":{"loc":{"start":{"line":74,"column":31},"end":{"line":74,"column":121}},"type":"cond-expr","locations":[{"start":{"line":74,"column":64},"end":{"line":74,"column":110}},{"start":{"line":74,"column":113},"end":{"line":74,"column":121}}]},"3":{"loc":{"start":{"line":76,"column":4},"end":{"line":78,"column":null}},"type":"binary-expr","locations":[{"start":{"line":76,"column":4},"end":{"line":76,"column":25}},{"start":{"line":76,"column":30},"end":{"line":78,"column":16}}]},"4":{"loc":{"start":{"line":76,"column":30},"end":{"line":78,"column":16}},"type":"cond-expr","locations":[{"start":{"line":77,"column":8},"end":{"line":77,"column":null}},{"start":{"line":78,"column":8},"end":{"line":78,"column":16}}]},"5":{"loc":{"start":{"line":76,"column":30},"end":{"line":76,"column":110}},"type":"binary-expr","locations":[{"start":{"line":76,"column":30},"end":{"line":76,"column":64}},{"start":{"line":76,"column":64},"end":{"line":76,"column":110}}]},"6":{"loc":{"start":{"line":87,"column":2},"end":{"line":89,"column":null}},"type":"if","locations":[{"start":{"line":87,"column":2},"end":{"line":89,"column":null}}]},"7":{"loc":{"start":{"line":91,"column":2},"end":{"line":93,"column":null}},"type":"if","locations":[{"start":{"line":91,"column":2},"end":{"line":93,"column":null}}]},"8":{"loc":{"start":{"line":95,"column":2},"end":{"line":97,"column":null}},"type":"if","locations":[{"start":{"line":95,"column":2},"end":{"line":97,"column":null}}]},"9":{"loc":{"start":{"line":107,"column":19},"end":{"line":107,"column":null}},"type":"binary-expr","locations":[{"start":{"line":107,"column":19},"end":{"line":107,"column":37}},{"start":{"line":107,"column":41},"end":{"line":107,"column":null}}]},"10":{"loc":{"start":{"line":109,"column":22},"end":{"line":109,"column":null}},"type":"binary-expr","locations":[{"start":{"line":109,"column":22},"end":{"line":109,"column":40}},{"start":{"line":109,"column":40},"end":{"line":109,"column":null}}]},"11":{"loc":{"start":{"line":115,"column":2},"end":{"line":127,"column":null}},"type":"if","locations":[{"start":{"line":115,"column":2},"end":{"line":127,"column":null}}]},"12":{"loc":{"start":{"line":135,"column":14},"end":{"line":135,"column":null}},"type":"binary-expr","locations":[{"start":{"line":135,"column":14},"end":{"line":135,"column":34}},{"start":{"line":135,"column":38},"end":{"line":135,"column":49}},{"start":{"line":135,"column":53},"end":{"line":135,"column":null}}]},"13":{"loc":{"start":{"line":136,"column":15},"end":{"line":136,"column":null}},"type":"binary-expr","locations":[{"start":{"line":136,"column":15},"end":{"line":136,"column":36}},{"start":{"line":136,"column":40},"end":{"line":136,"column":52}},{"start":{"line":136,"column":56},"end":{"line":136,"column":null}}]},"14":{"loc":{"start":{"line":161,"column":2},"end":{"line":167,"column":null}},"type":"if","locations":[{"start":{"line":161,"column":2},"end":{"line":167,"column":null}}]},"15":{"loc":{"start":{"line":171,"column":79},"end":{"line":171,"column":102}},"type":"binary-expr","locations":[{"start":{"line":171,"column":79},"end":{"line":171,"column":93}},{"start":{"line":171,"column":97},"end":{"line":171,"column":102}}]}},"s":{"0":0,"1":0,"2":0,"3":0,"4":0,"5":0,"6":0,"7":0,"8":0,"9":0,"10":0,"11":0,"12":0,"13":0,"14":0,"15":0,"16":0,"17":0,"18":0,"19":0,"20":0,"21":0,"22":0,"23":0,"24":0,"25":0,"26":0,"27":0,"28":0,"29":0,"30":0,"31":0,"32":0,"33":0,"34":0,"35":0,"36":0,"37":0,"38":0,"39":0,"40":0,"41":0,"42":0},"f":{"0":0,"1":0,"2":0},"b":{"0":[0],"1":[0,0],"2":[0,0],"3":[0,0],"4":[0,0],"5":[0,0],"6":[0],"7":[0],"8":[0],"9":[0,0],"10":[0,0],"11":[0],"12":[0,0,0],"13":[0,0,0],"14":[0],"15":[0,0]}}
,"/Users/dylanboudro/Desktop/sundial.exchange/lib/solana-tokens.ts": {"path":"/Users/dylanboudro/Desktop/sundial.exchange/lib/solana-tokens.ts","statementMap":{"0":{"start":{"line":27,"column":13},"end":{"line":27,"column":26}},"1":{"start":{"line":1,"column":13},"end":{"line":1,"column":31}},"2":{"start":{"line":124,"column":16},"end":{"line":124,"column":31}},"3":{"start":{"line":120,"column":16},"end":{"line":120,"column":29}},"4":{"start":{"line":1,"column":58},"end":{"line":16,"column":null}},"5":{"start":{"line":27,"column":44},"end":{"line":118,"column":null}},"6":{"start":{"line":121,"column":2},"end":{"line":121,"column":null}},"7":{"start":{"line":125,"column":2},"end":{"line":125,"column":null}}},"fnMap":{"0":{"name":"toTokenAmount","decl":{"start":{"line":120,"column":16},"end":{"line":120,"column":29}},"loc":{"start":{"line":120,"column":62},"end":{"line":122,"column":null}}},"1":{"name":"fromTokenAmount","decl":{"start":{"line":124,"column":16},"end":{"line":124,"column":31}},"loc":{"start":{"line":124,"column":64},"end":{"line":126,"column":null}}}},"branchMap":{},"s":{"0":0,"1":0,"2":0,"3":0,"4":0,"5":0,"6":0,"7":0},"f":{"0":0,"1":0},"b":{}}
,"/Users/dylanboudro/Desktop/sundial.exchange/lib/utils.ts": {"path":"/Users/dylanboudro/Desktop/sundial.exchange/lib/utils.ts","statementMap":{"0":{"start":{"line":4,"column":16},"end":{"line":4,"column":19}},"1":{"start":{"line":1,"column":38},"end":{"line":1,"column":null}},"2":{"start":{"line":2,"column":24},"end":{"line":2,"column":null}},"3":{"start":{"line":5,"column":2},"end":{"line":5,"column":null}}},"fnMap":{"0":{"name":"cn","decl":{"start":{"line":4,"column":16},"end":{"line":4,"column":19}},"loc":{"start":{"line":4,"column":42},"end":{"line":6,"column":null}}}},"branchMap":{},"s":{"0":0,"1":0,"2":0,"3":0},"f":{"0":0},"b":{}}
}
