TN:
SF:middleware.ts
FN:27,isExemptOrigin
FN:50,getOutputSchema
FN:94,create402Response
FN:124,verifyPayment
FN:170,settlePayment
FN:223,middleware
FNF:6
FNH:6
FNDA:48,isExemptOrigin
FNDA:28,getOutputSchema
FNDA:28,create402Response
FNDA:18,verifyPayment
FNDA:11,settlePayment
FNDA:48,middleware
DA:2,2
DA:4,2
DA:10,2
DA:11,2
DA:12,2
DA:13,2
DA:28,48
DA:29,48
DA:31,48
DA:32,8
DA:35,40
DA:36,1
DA:37,1
DA:38,1
DA:39,1
DA:40,1
DA:47,39
DA:52,28
DA:86,28
DA:95,28
DA:96,28
DA:98,28
DA:121,28
DA:128,18
DA:129,18
DA:130,18
DA:132,18
DA:156,16
DA:157,1
DA:160,15
DA:161,14
DA:163,3
DA:174,11
DA:175,11
DA:176,11
DA:178,11
DA:202,11
DA:203,0
DA:211,10
DA:212,10
DA:214,1
DA:223,48
DA:225,48
DA:226,9
DA:230,39
DA:231,39
DA:233,18
DA:235,18
DA:237,11
DA:240,11
DA:243,11
DA:244,8
DA:250,8
DA:253,11
DA:258,28
DA:261,2
LF:56
LH:55
BRDA:10,0,0,2
BRDA:10,0,1,0
BRDA:31,1,0,8
BRDA:31,2,0,48
BRDA:31,2,1,9
BRDA:35,3,0,1
BRDA:39,4,0,1
BRDA:87,5,0,28
BRDA:87,5,1,3
BRDA:156,6,0,1
BRDA:165,7,0,2
BRDA:165,7,1,1
BRDA:202,8,0,0
BRDA:216,9,0,1
BRDA:216,9,1,0
BRDA:225,10,0,9
BRDA:231,11,0,18
BRDA:235,12,0,11
BRDA:243,13,0,8
BRDA:243,14,0,11
BRDA:243,14,1,8
BRDA:247,15,0,8
BRDA:247,15,1,0
BRF:23
BRH:19
end_of_record
TN:
SF:app/jsonld.tsx
FN:4,JsonLd
FNF:1
FNH:0
FNDA:0,JsonLd
DA:4,0
DA:5,0
LF:2
LH:0
BRF:0
BRH:0
end_of_record
TN:
SF:app/layout.tsx
FN:97,RootLayout
FNF:1
FNH:0
FNDA:0,RootLayout
DA:1,0
DA:2,0
DA:3,0
DA:4,0
DA:5,0
DA:6,0
DA:8,0
DA:10,0
DA:11,0
DA:12,0
DA:15,0
DA:97,0
LF:12
LH:0
BRF:0
BRH:0
end_of_record
TN:
SF:app/old-opengraph-image.tsx
FN:14,Image
FNF:1
FNH:0
FNDA:0,Image
DA:1,0
DA:3,0
DA:4,0
DA:5,0
DA:9,0
DA:14,0
DA:15,0
LF:7
LH:0
BRF:0
BRH:0
end_of_record
TN:
SF:app/page.tsx
FN:13,Home
FNF:1
FNH:0
FNDA:0,Home
DA:1,0
DA:2,0
DA:3,0
DA:4,0
DA:7,0
DA:13,0
LF:6
LH:0
BRF:0
BRH:0
end_of_record
TN:
SF:app/sitemap.ts
FN:4,sitemap
FN:37,(anonymous_2)
FN:38,(anonymous_3)
FNF:3
FNH:0
FNDA:0,sitemap
FNDA:0,(anonymous_2)
FNDA:0,(anonymous_3)
DA:1,0
DA:4,0
DA:5,0
DA:7,0
DA:34,0
DA:35,0
DA:36,0
DA:37,0
DA:38,0
DA:45,0
DA:48,0
LF:11
LH:0
BRDA:36,0,0,0
BRDA:36,0,1,0
BRF:2
BRH:0
end_of_record
TN:
SF:app/api/dex/overview/route.ts
FN:4,GET
FNF:1
FNH:0
FNDA:0,GET
DA:1,0
DA:2,0
DA:4,0
DA:5,0
DA:6,0
DA:11,0
DA:21,0
LF:7
LH:0
BRF:0
BRH:0
end_of_record
TN:
SF:app/api/dex/protocol/[slug]/route.ts
FN:4,GET
FNF:1
FNH:0
FNDA:0,GET
DA:1,0
DA:2,0
DA:4,0
DA:8,0
DA:9,0
DA:10,0
DA:13,0
DA:14,0
DA:15,0
DA:22,0
LF:10
LH:0
BRDA:9,0,0,0
BRDA:9,1,0,0
BRDA:9,1,1,0
BRF:3
BRH:0
end_of_record
TN:
SF:app/api/stats/route.ts
FN:20,GET
FN:26,(anonymous_2)
FN:50,(anonymous_3)
FN:67,(anonymous_4)
FN:86,(anonymous_5)
FN:91,(anonymous_6)
FN:98,(anonymous_7)
FN:111,(anonymous_8)
FN:127,(anonymous_9)
FNF:9
FNH:0
FNDA:0,GET
FNDA:0,(anonymous_2)
FNDA:0,(anonymous_3)
FNDA:0,(anonymous_4)
FNDA:0,(anonymous_5)
FNDA:0,(anonymous_6)
FNDA:0,(anonymous_7)
FNDA:0,(anonymous_8)
FNDA:0,(anonymous_9)
DA:1,0
DA:20,0
DA:21,0
DA:22,0
DA:26,0
DA:27,0
DA:28,0
DA:39,0
DA:40,0
DA:41,0
DA:42,0
DA:43,0
DA:44,0
DA:46,0
DA:50,0
DA:51,0
DA:52,0
DA:56,0
DA:57,0
DA:60,0
DA:61,0
DA:63,0
DA:67,0
DA:68,0
DA:69,0
DA:70,0
DA:71,0
DA:75,0
DA:76,0
DA:79,0
DA:80,0
DA:82,0
DA:86,0
DA:87,0
DA:88,0
DA:89,0
DA:90,0
DA:91,0
DA:92,0
DA:94,0
DA:98,0
DA:99,0
DA:101,0
DA:102,0
DA:103,0
DA:104,0
DA:105,0
DA:107,0
DA:111,0
DA:112,0
DA:113,0
DA:114,0
DA:115,0
DA:116,0
DA:117,0
DA:118,0
DA:119,0
DA:120,0
DA:121,0
DA:123,0
DA:127,0
DA:128,0
DA:130,0
DA:131,0
DA:132,0
DA:133,0
DA:134,0
DA:135,0
DA:136,0
DA:137,0
DA:138,0
DA:139,0
DA:140,0
DA:142,0
DA:146,0
DA:156,0
DA:157,0
DA:158,0
DA:161,0
DA:172,0
LF:80
LH:0
BRDA:22,0,0,0
BRDA:22,0,1,0
BRDA:39,1,0,0
BRDA:42,2,0,0
BRDA:42,3,0,0
BRDA:42,3,1,0
BRDA:56,4,0,0
BRDA:61,5,0,0
BRDA:61,5,1,0
BRDA:75,6,0,0
BRDA:80,7,0,0
BRDA:80,7,1,0
BRDA:89,8,0,0
BRDA:92,9,0,0
BRDA:92,9,1,0
BRDA:103,10,0,0
BRDA:105,11,0,0
BRDA:105,11,1,0
BRDA:114,12,0,0
BRDA:116,13,0,0
BRDA:116,14,0,0
BRDA:116,14,1,0
BRDA:119,15,0,0
BRDA:119,16,0,0
BRDA:119,16,1,0
BRDA:119,16,2,0
BRDA:121,17,0,0
BRDA:121,17,1,0
BRDA:132,18,0,0
BRDA:135,19,0,0
BRDA:135,20,0,0
BRDA:135,20,1,0
BRDA:138,21,0,0
BRDA:138,22,0,0
BRDA:138,22,1,0
BRDA:138,22,2,0
BRDA:140,23,0,0
BRDA:140,23,1,0
BRDA:157,24,0,0
BRDA:157,25,0,0
BRDA:157,25,1,0
BRDA:157,25,2,0
BRDA:166,26,0,0
BRDA:166,26,1,0
BRDA:167,27,0,0
BRDA:167,27,1,0
BRDA:169,28,0,0
BRDA:169,28,1,0
BRF:48
BRH:0
end_of_record
TN:
SF:app/api/swap-log/route.ts
FN:3,POST
FNF:1
FNH:0
FNDA:0,POST
DA:1,0
DA:3,0
DA:5,0
DA:6,0
DA:8,0
DA:11,0
DA:18,0
DA:20,0
LF:8
LH:0
BRF:0
BRH:0
end_of_record
TN:
SF:app/api/trending/route.ts
FN:4,GET
FNF:1
FNH:0
FNDA:0,GET
DA:1,0
DA:2,0
DA:4,0
DA:5,0
DA:6,0
DA:7,0
DA:9,0
DA:10,0
DA:11,0
DA:17,0
LF:10
LH:0
BRDA:6,0,0,0
BRDA:6,0,1,0
BRDA:7,1,0,0
BRDA:7,1,1,0
BRDA:7,2,0,0
BRDA:7,2,1,0
BRF:6
BRH:0
end_of_record
TN:
SF:app/dex-analytics/layout.tsx
FN:51,DexAnalyticsLayout
FNF:1
FNH:0
FNDA:0,DexAnalyticsLayout
DA:2,0
DA:4,0
DA:51,0
LF:3
LH:0
BRF:0
BRH:0
end_of_record
TN:
SF:app/dex-analytics/page.tsx
FN:14,DexAnalyticsPage
FN:20,(anonymous_2)
FN:24,loadData
FN:30,(anonymous_4)
FN:42,(anonymous_5)
FN:44,(anonymous_6)
FN:50,(anonymous_7)
FN:67,(anonymous_8)
FN:68,(anonymous_9)
FN:70,(anonymous_10)
FN:81,(anonymous_11)
FN:169,(anonymous_12)
FN:185,(anonymous_13)
FN:194,(anonymous_14)
FN:196,(anonymous_15)
FN:199,(anonymous_16)
FN:236,(anonymous_17)
FN:239,(anonymous_18)
FN:250,(anonymous_19)
FNF:19
FNH:0
FNDA:0,DexAnalyticsPage
FNDA:0,(anonymous_2)
FNDA:0,loadData
FNDA:0,(anonymous_4)
FNDA:0,(anonymous_5)
FNDA:0,(anonymous_6)
FNDA:0,(anonymous_7)
FNDA:0,(anonymous_8)
FNDA:0,(anonymous_9)
FNDA:0,(anonymous_10)
FNDA:0,(anonymous_11)
FNDA:0,(anonymous_12)
FNDA:0,(anonymous_13)
FNDA:0,(anonymous_14)
FNDA:0,(anonymous_15)
FNDA:0,(anonymous_16)
FNDA:0,(anonymous_17)
FNDA:0,(anonymous_18)
FNDA:0,(anonymous_19)
DA:3,0
DA:4,0
DA:5,0
DA:6,0
DA:8,0
DA:9,0
DA:10,0
DA:11,0
DA:12,0
DA:14,0
DA:15,0
DA:16,0
DA:17,0
DA:18,0
DA:20,0
DA:21,0
DA:25,0
DA:26,0
DA:27,0
DA:28,0
DA:29,0
DA:30,0
DA:31,0
DA:32,0
DA:33,0
DA:36,0
DA:38,0
DA:42,0
DA:44,0
DA:45,0
DA:50,0
DA:51,0
DA:54,0
DA:57,0
DA:67,0
DA:68,0
DA:70,0
DA:72,0
DA:82,0
DA:170,0
DA:185,0
DA:194,0
DA:196,0
DA:200,0
DA:237,0
DA:239,0
DA:251,0
LF:47
LH:0
BRDA:28,0,0,0
BRDA:30,1,0,0
BRDA:30,1,1,0
BRDA:30,2,0,0
BRDA:30,2,1,0
BRDA:51,3,0,0
BRDA:51,3,1,0
BRDA:67,4,0,0
BRDA:67,4,1,0
BRDA:68,5,0,0
BRDA:68,5,1,0
BRDA:70,6,0,0
BRDA:70,6,1,0
BRDA:70,7,0,0
BRDA:70,7,1,0
BRDA:72,8,0,0
BRDA:137,9,0,0
BRDA:144,10,0,0
BRDA:144,10,1,0
BRDA:146,11,0,0
BRDA:146,11,1,0
BRDA:196,12,0,0
BRDA:196,12,1,0
BRDA:245,13,0,0
BRDA:247,14,0,0
BRDA:247,14,1,0
BRDA:256,15,0,0
BRDA:256,15,1,0
BRDA:262,16,0,0
BRDA:262,16,1,0
BRDA:265,17,0,0
BRDA:265,17,1,0
BRDA:268,18,0,0
BRDA:268,18,1,0
BRDA:272,19,0,0
BRDA:272,19,1,0
BRDA:272,20,0,0
BRDA:272,20,1,0
BRDA:274,21,0,0
BRDA:274,21,1,0
BRDA:274,22,0,0
BRDA:274,22,1,0
BRDA:275,23,0,0
BRDA:275,23,1,0
BRF:44
BRH:0
end_of_record
TN:
SF:app/dex-analytics/[dexId]/layout.tsx
FN:7,generateStaticParams
FN:10,(anonymous_5)
FN:11,(anonymous_6)
FN:14,generateMetadata
FN:60,DexIdLayout
FNF:5
FNH:0
FNDA:0,generateStaticParams
FNDA:0,(anonymous_5)
FNDA:0,(anonymous_6)
FNDA:0,generateMetadata
FNDA:0,DexIdLayout
DA:1,0
DA:3,0
DA:7,0
DA:8,0
DA:9,0
DA:10,0
DA:11,0
DA:14,0
DA:15,0
DA:16,0
DA:17,0
DA:18,0
DA:19,0
DA:21,0
DA:60,0
LF:15
LH:0
BRDA:9,0,0,0
BRDA:9,0,1,0
BRF:2
BRH:0
end_of_record
TN:
SF:app/dex-analytics/[dexId]/page.tsx
FN:14,IndividualDexPage
FN:21,(anonymous_2)
FN:25,loadProtocolData
FN:48,(anonymous_4)
FN:67,(anonymous_5)
FN:79,(anonymous_6)
FN:87,(anonymous_7)
FN:103,(anonymous_8)
FN:120,(anonymous_9)
FN:260,(anonymous_10)
FN:269,(anonymous_11)
FN:307,(anonymous_12)
FN:316,(anonymous_13)
FNF:13
FNH:0
FNDA:0,IndividualDexPage
FNDA:0,(anonymous_2)
FNDA:0,loadProtocolData
FNDA:0,(anonymous_4)
FNDA:0,(anonymous_5)
FNDA:0,(anonymous_6)
FNDA:0,(anonymous_7)
FNDA:0,(anonymous_8)
FNDA:0,(anonymous_9)
FNDA:0,(anonymous_10)
FNDA:0,(anonymous_11)
FNDA:0,(anonymous_12)
FNDA:0,(anonymous_13)
DA:3,0
DA:4,0
DA:5,0
DA:6,0
DA:7,0
DA:8,0
DA:9,0
DA:10,0
DA:11,0
DA:12,0
DA:14,0
DA:15,0
DA:16,0
DA:17,0
DA:18,0
DA:19,0
DA:21,0
DA:22,0
DA:26,0
DA:27,0
DA:28,0
DA:29,0
DA:30,0
DA:32,0
DA:34,0
DA:38,0
DA:49,0
DA:58,0
DA:67,0
DA:78,0
DA:79,0
DA:86,0
DA:87,0
DA:93,0
DA:94,0
DA:103,0
DA:121,0
DA:260,0
DA:269,0
DA:307,0
DA:316,0
LF:41
LH:0
BRDA:29,0,0,0
BRDA:29,0,1,0
BRDA:38,1,0,0
BRDA:58,2,0,0
BRDA:78,3,0,0
BRDA:78,3,1,0
BRDA:81,4,0,0
BRDA:81,4,1,0
BRDA:86,5,0,0
BRDA:86,5,1,0
BRDA:87,6,0,0
BRDA:87,6,1,0
BRDA:93,7,0,0
BRDA:93,7,1,0
BRDA:94,8,0,0
BRDA:94,8,1,0
BRDA:115,9,0,0
BRDA:117,10,0,0
BRDA:117,10,1,0
BRDA:127,11,0,0
BRDA:127,11,1,0
BRDA:129,12,0,0
BRDA:129,12,1,0
BRDA:133,13,0,0
BRDA:141,14,0,0
BRDA:162,15,0,0
BRDA:162,15,1,0
BRDA:164,16,0,0
BRDA:164,16,1,0
BRDA:165,17,0,0
BRDA:165,17,1,0
BRDA:180,18,0,0
BRDA:180,18,1,0
BRDA:182,19,0,0
BRDA:182,19,1,0
BRDA:183,20,0,0
BRDA:183,20,1,0
BRDA:198,21,0,0
BRDA:198,21,1,0
BRDA:210,22,0,0
BRDA:217,23,0,0
BRDA:217,23,1,0
BRF:42
BRH:0
end_of_record
TN:
SF:app/live/page.tsx
FN:26,LiveDashboard
FN:70,(anonymous_2)
FN:71,(anonymous_3)
FN:75,(anonymous_4)
FN:76,(anonymous_5)
FN:106,(anonymous_6)
FN:109,(anonymous_7)
FN:113,(anonymous_8)
FN:114,(anonymous_9)
FN:125,(anonymous_10)
FN:128,(anonymous_11)
FN:183,(anonymous_12)
FN:271,(anonymous_13)
FNF:13
FNH:0
FNDA:0,LiveDashboard
FNDA:0,(anonymous_2)
FNDA:0,(anonymous_3)
FNDA:0,(anonymous_4)
FNDA:0,(anonymous_5)
FNDA:0,(anonymous_6)
FNDA:0,(anonymous_7)
FNDA:0,(anonymous_8)
FNDA:0,(anonymous_9)
FNDA:0,(anonymous_10)
FNDA:0,(anonymous_11)
FNDA:0,(anonymous_12)
FNDA:0,(anonymous_13)
DA:3,0
DA:4,0
DA:5,0
DA:6,0
DA:26,0
DA:27,0
DA:66,0
DA:67,0
DA:70,0
DA:71,0
DA:72,0
DA:73,0
DA:75,0
DA:76,0
DA:77,0
DA:78,0
DA:79,0
DA:81,0
DA:82,0
DA:83,0
DA:84,0
DA:85,0
DA:86,0
DA:87,0
DA:88,0
DA:89,0
DA:90,0
DA:91,0
DA:92,0
DA:95,0
DA:102,0
DA:106,0
DA:109,0
DA:113,0
DA:114,0
DA:115,0
DA:116,0
DA:117,0
DA:125,0
DA:128,0
DA:184,0
DA:272,0
LF:42
LH:0
BRDA:77,0,0,0
BRDA:81,1,0,0
BRDA:81,1,1,0
BRDA:84,2,0,0
BRDA:84,2,1,0
BRDA:87,3,0,0
BRDA:87,3,1,0
BRDA:90,4,0,0
BRDA:99,5,0,0
BRDA:99,5,1,0
BRDA:192,6,0,0
BRDA:192,6,1,0
BRDA:196,7,0,0
BRDA:226,8,0,0
BRDA:226,8,1,0
BRDA:230,9,0,0
BRDA:239,10,0,0
BRDA:239,10,1,0
BRDA:240,11,0,0
BRDA:240,11,1,0
BRDA:285,12,0,0
BRDA:285,12,1,0
BRDA:287,13,0,0
BRDA:287,13,1,0
BRDA:293,14,0,0
BRDA:295,15,0,0
BRF:26
BRH:0
end_of_record
TN:
SF:app/privacy-policy/page.tsx
FN:9,PrivacyPage
FNF:1
FNH:0
FNDA:0,PrivacyPage
DA:1,0
DA:2,0
DA:4,0
DA:9,0
LF:4
LH:0
BRF:0
BRH:0
end_of_record
TN:
SF:app/stablecoins/page.tsx
FN:17,StablecoinsPage
FN:24,(anonymous_2)
FN:28,(anonymous_3)
FN:43,(anonymous_4)
FN:71,(anonymous_5)
FN:76,(anonymous_6)
FN:86,(anonymous_7)
FN:92,(anonymous_8)
FN:165,(anonymous_9)
FN:203,(anonymous_10)
FN:214,(anonymous_11)
FN:215,(anonymous_12)
FN:270,(anonymous_13)
FN:275,(anonymous_14)
FNF:14
FNH:0
FNDA:0,StablecoinsPage
FNDA:0,(anonymous_2)
FNDA:0,(anonymous_3)
FNDA:0,(anonymous_4)
FNDA:0,(anonymous_5)
FNDA:0,(anonymous_6)
FNDA:0,(anonymous_7)
FNDA:0,(anonymous_8)
FNDA:0,(anonymous_9)
FNDA:0,(anonymous_10)
FNDA:0,(anonymous_11)
FNDA:0,(anonymous_12)
FNDA:0,(anonymous_13)
FNDA:0,(anonymous_14)
DA:3,0
DA:4,0
DA:5,0
DA:6,0
DA:7,0
DA:8,0
DA:9,0
DA:15,0
DA:17,0
DA:18,0
DA:19,0
DA:20,0
DA:21,0
DA:22,0
DA:24,0
DA:25,0
DA:28,0
DA:29,0
DA:30,0
DA:31,0
DA:37,0
DA:38,0
DA:40,0
DA:41,0
DA:43,0
DA:45,0
DA:46,0
DA:51,0
DA:58,0
DA:59,0
DA:60,0
DA:63,0
DA:65,0
DA:70,0
DA:71,0
DA:75,0
DA:77,0
DA:78,0
DA:79,0
DA:84,0
DA:86,0
DA:87,0
DA:88,0
DA:89,0
DA:92,0
DA:93,0
DA:165,0
DA:203,0
DA:214,0
DA:215,0
DA:271,0
DA:272,0
DA:273,0
DA:276,0
DA:277,0
DA:278,0
DA:280,0
LF:57
LH:0
BRDA:40,0,0,0
BRDA:40,1,0,0
BRDA:40,1,1,0
BRDA:45,2,0,0
BRDA:45,2,1,0
BRDA:48,3,0,0
BRDA:48,3,1,0
BRDA:52,4,0,0
BRDA:52,4,1,0
BRDA:53,5,0,0
BRDA:53,5,1,0
BRDA:53,5,2,0
BRDA:71,6,0,0
BRDA:71,6,1,0
BRDA:77,7,0,0
BRDA:77,7,1,0
BRDA:78,8,0,0
BRDA:78,8,1,0
BRDA:84,9,0,0
BRDA:84,9,1,0
BRDA:84,10,0,0
BRDA:84,10,1,0
BRDA:87,11,0,0
BRDA:88,12,0,0
BRDA:132,13,0,0
BRDA:132,13,1,0
BRDA:134,14,0,0
BRDA:134,14,1,0
BRDA:182,15,0,0
BRDA:186,16,0,0
BRDA:256,17,0,0
BRDA:256,17,1,0
BRDA:262,18,0,0
BRDA:262,18,1,0
BRDA:271,19,0,0
BRDA:271,19,1,0
BRDA:272,20,0,0
BRDA:272,20,1,0
BRDA:276,21,0,0
BRDA:276,21,1,0
BRDA:277,22,0,0
BRDA:277,22,1,0
BRDA:288,23,0,0
BRDA:288,23,1,0
BRDA:292,24,0,0
BRDA:292,24,1,0
BRDA:294,25,0,0
BRF:47
BRH:0
end_of_record
TN:
SF:app/terms-of-service/page.tsx
FN:9,TermsPage
FNF:1
FNH:0
FNDA:0,TermsPage
DA:1,0
DA:2,0
DA:4,0
DA:9,0
LF:4
LH:0
BRF:0
BRH:0
end_of_record
TN:
SF:lib/defillama-stablecoins.ts
FN:43,getAllStablecoins
FN:65,getSolanaStablecoins
FN:67,(anonymous_7)
FN:69,(anonymous_8)
FN:86,getStablecoinChartData
FN:106,getSolanaStablecoinHistory
FNF:6
FNH:0
FNDA:0,getAllStablecoins
FNDA:0,getSolanaStablecoins
FNDA:0,(anonymous_7)
FNDA:0,(anonymous_8)
FNDA:0,getStablecoinChartData
FNDA:0,getSolanaStablecoinHistory
DA:3,0
DA:43,0
DA:44,0
DA:45,0
DA:46,0
DA:50,0
DA:51,0
DA:52,0
DA:55,0
DA:56,0
DA:57,0
DA:59,0
DA:60,0
DA:65,0
DA:66,0
DA:67,0
DA:69,0
DA:70,0
DA:71,0
DA:73,0
DA:75,0
DA:81,0
DA:82,0
DA:86,0
DA:87,0
DA:88,0
DA:89,0
DA:93,0
DA:94,0
DA:97,0
DA:98,0
DA:100,0
DA:101,0
DA:106,0
DA:107,0
DA:108,0
DA:109,0
DA:113,0
DA:114,0
DA:115,0
DA:118,0
DA:120,0
DA:121,0
DA:122,0
DA:125,0
DA:127,0
DA:128,0
LF:47
LH:0
BRDA:50,0,0,0
BRDA:56,1,0,0
BRDA:56,1,1,0
BRDA:57,2,0,0
BRDA:57,2,1,0
BRDA:70,3,0,0
BRDA:70,3,1,0
BRDA:71,4,0,0
BRDA:71,4,1,0
BRDA:73,5,0,0
BRDA:73,5,1,0
BRDA:93,6,0,0
BRDA:98,7,0,0
BRDA:98,7,1,0
BRDA:113,8,0,0
BRDA:120,9,0,0
BRDA:120,9,1,0
BRDA:121,10,0,0
BRDA:125,11,0,0
BRDA:125,11,1,0
BRF:20
BRH:0
end_of_record
TN:
SF:lib/defillama-volumes.ts
FN:47,getSolanaDexVolumes
FN:63,(anonymous_6)
FN:67,(anonymous_7)
FN:99,getDexProtocolSummary
FN:117,getSolanaDexProtocols
FN:132,(anonymous_10)
FN:142,getDexProtocolDetails
FNF:7
FNH:0
FNDA:0,getSolanaDexVolumes
FNDA:0,(anonymous_6)
FNDA:0,(anonymous_7)
FNDA:0,getDexProtocolSummary
FNDA:0,getSolanaDexProtocols
FNDA:0,(anonymous_10)
FNDA:0,getDexProtocolDetails
DA:45,0
DA:47,0
DA:48,0
DA:49,0
DA:53,0
DA:54,0
DA:57,0
DA:58,0
DA:60,0
DA:62,0
DA:63,0
DA:65,0
DA:67,0
DA:68,0
DA:69,0
DA:72,0
DA:73,0
DA:75,0
DA:76,0
DA:77,0
DA:78,0
DA:79,0
DA:83,0
DA:92,0
DA:94,0
DA:95,0
DA:99,0
DA:100,0
DA:101,0
DA:104,0
DA:105,0
DA:108,0
DA:109,0
DA:110,0
DA:112,0
DA:113,0
DA:117,0
DA:118,0
DA:120,0
DA:123,0
DA:124,0
DA:127,0
DA:128,0
DA:131,0
DA:132,0
DA:135,0
DA:137,0
DA:138,0
DA:142,0
DA:143,0
DA:144,0
DA:147,0
DA:148,0
DA:151,0
DA:152,0
DA:153,0
DA:155,0
DA:156,0
LF:58
LH:0
BRDA:53,0,0,0
BRDA:60,1,0,0
BRDA:60,2,0,0
BRDA:60,2,1,0
BRDA:69,3,0,0
BRDA:69,3,1,0
BRDA:76,4,0,0
BRDA:77,5,0,0
BRDA:77,5,1,0
BRDA:104,6,0,0
BRDA:123,7,0,0
BRDA:131,8,0,0
BRDA:131,9,0,0
BRDA:131,9,1,0
BRDA:132,10,0,0
BRDA:132,10,1,0
BRDA:132,10,2,0
BRDA:147,11,0,0
BRF:18
BRH:0
end_of_record
TN:
SF:lib/defillama.ts
FN:33,generateHourlyTimestamps
FN:47,fetchTrendingTokensData
FN:50,(anonymous_3)
FN:59,(anonymous_4)
FN:60,(anonymous_5)
FN:68,(anonymous_6)
FNF:6
FNH:0
FNDA:0,generateHourlyTimestamps
FNDA:0,fetchTrendingTokensData
FNDA:0,(anonymous_3)
FNDA:0,(anonymous_4)
FNDA:0,(anonymous_5)
FNDA:0,(anonymous_6)
DA:25,0
DA:34,0
DA:35,0
DA:36,0
DA:37,0
DA:38,0
DA:39,0
DA:41,0
DA:42,0
DA:44,0
DA:47,0
DA:48,0
DA:49,0
DA:50,0
DA:52,0
DA:53,0
DA:54,0
DA:55,0
DA:57,0
DA:58,0
DA:59,0
DA:60,0
DA:61,0
DA:62,0
DA:63,0
DA:64,0
DA:68,0
LF:27
LH:0
BRDA:34,0,0,0
BRDA:34,0,1,0
BRDA:34,1,0,0
BRDA:34,1,1,0
BRDA:35,2,0,0
BRDA:35,2,1,0
BRDA:41,3,0,0
BRDA:54,4,0,0
BRDA:61,5,0,0
BRDA:61,5,1,0
BRDA:62,6,0,0
BRDA:62,6,1,0
BRDA:63,7,0,0
BRDA:63,7,1,0
BRF:14
BRH:0
end_of_record
TN:
SF:lib/helius.ts
FN:21,fetchTokenMetadataFromHelius
FN:64,getTopTokensByVolume
FN:85,(anonymous_5)
FN:94,(anonymous_6)
FNF:4
FNH:0
FNDA:0,fetchTokenMetadataFromHelius
FNDA:0,getTopTokensByVolume
FNDA:0,(anonymous_5)
FNDA:0,(anonymous_6)
DA:21,0
DA:25,0
DA:27,0
DA:34,0
DA:35,0
DA:38,0
DA:46,0
DA:47,0
DA:48,0
DA:49,0
DA:58,0
DA:64,0
DA:68,0
DA:73,0
DA:74,0
DA:77,0
DA:85,0
DA:86,0
DA:87,0
DA:88,0
DA:91,0
DA:94,0
DA:95,0
DA:96,0
LF:24
LH:0
BRDA:25,0,0,0
BRDA:34,1,0,0
BRDA:48,2,0,0
BRDA:50,3,0,0
BRDA:50,3,1,0
BRDA:51,4,0,0
BRDA:51,4,1,0
BRDA:54,5,0,0
BRDA:54,5,1,0
BRDA:73,6,0,0
BRDA:97,7,0,0
BRDA:97,7,1,0
BRDA:98,8,0,0
BRDA:98,8,1,0
BRDA:100,9,0,0
BRDA:100,9,1,0
BRDA:101,10,0,0
BRDA:101,10,1,0
BRF:18
BRH:0
end_of_record
TN:
SF:lib/jupiter-ultra.ts
FN:62,getHoldings
FN:72,getJupiterOrder
FN:142,executeJupiterOrder
FNF:3
FNH:0
FNDA:0,getHoldings
FNDA:0,getJupiterOrder
FNDA:0,executeJupiterOrder
DA:1,0
DA:2,0
DA:62,0
DA:63,0
DA:65,0
DA:66,0
DA:69,0
DA:72,0
DA:74,0
DA:76,0
DA:80,0
DA:87,0
DA:88,0
DA:91,0
DA:92,0
DA:95,0
DA:96,0
DA:99,0
DA:101,0
DA:102,0
DA:113,0
DA:115,0
DA:116,0
DA:117,0
DA:118,0
DA:126,0
DA:129,0
DA:130,0
DA:131,0
DA:139,0
DA:142,0
DA:146,0
DA:147,0
DA:150,0
DA:161,0
DA:162,0
DA:163,0
DA:164,0
DA:166,0
DA:169,0
DA:170,0
DA:171,0
DA:173,0
LF:43
LH:0
BRDA:65,0,0,0
BRDA:74,1,0,0
BRDA:74,1,1,0
BRDA:74,2,0,0
BRDA:74,2,1,0
BRDA:76,3,0,0
BRDA:76,3,1,0
BRDA:76,4,0,0
BRDA:76,4,1,0
BRDA:76,5,0,0
BRDA:76,5,1,0
BRDA:87,6,0,0
BRDA:91,7,0,0
BRDA:95,8,0,0
BRDA:107,9,0,0
BRDA:107,9,1,0
BRDA:109,10,0,0
BRDA:109,10,1,0
BRDA:115,11,0,0
BRDA:135,12,0,0
BRDA:135,12,1,0
BRDA:135,12,2,0
BRDA:136,13,0,0
BRDA:136,13,1,0
BRDA:136,13,2,0
BRDA:161,14,0,0
BRDA:171,15,0,0
BRDA:171,15,1,0
BRF:28
BRH:0
end_of_record
TN:
SF:lib/solana-tokens.ts
FN:120,toTokenAmount
FN:124,fromTokenAmount
FNF:2
FNH:0
FNDA:0,toTokenAmount
FNDA:0,fromTokenAmount
DA:1,0
DA:27,0
DA:120,0
DA:121,0
DA:124,0
DA:125,0
LF:6
LH:0
BRF:0
BRH:0
end_of_record
TN:
SF:lib/utils.ts
FN:4,cn
FNF:1
FNH:0
FNDA:0,cn
DA:1,0
DA:2,0
DA:4,0
DA:5,0
LF:4
LH:0
BRF:0
BRH:0
end_of_record
